This file contains any messages produced by compilers while
running configure, to aid debugging if configure makes a mistake.

It was created by tslib configure 1.1.0, which was
generated by GNU Autoconf 2.69.  Invocation command line was

  $ ./configure --host=arm-linux --enable-static host_alias=arm-linux --no-create --no-recursion

## --------- ##
## Platform. ##
## --------- ##

hostname = debian
uname -m = x86_64
uname -r = 3.2.0-4-amd64
uname -s = Linux
uname -v = #1 SMP Debian 3.2.41-2

/usr/bin/uname -p = unknown
/bin/uname -X     = unknown

/bin/arch              = unknown
/usr/bin/arch -k       = unknown
/usr/convex/getsysinfo = unknown
/usr/bin/hostinfo      = unknown
/bin/machine           = unknown
/usr/bin/oslevel       = unknown
/bin/universe          = unknown

PATH: /usr/local/bin
PATH: /usr/bin
PATH: /bin
PATH: /usr/local/games
PATH: /usr/games
PATH: /usr/local/arm_linux_4.3.2/bin


## ----------- ##
## Core tests. ##
## ----------- ##

configure:2437: checking for a BSD-compatible install
configure:2505: result: /usr/bin/install -c
configure:2516: checking whether build environment is sane
configure:2566: result: yes
configure:2615: checking for arm-linux-strip
configure:2631: found /usr/local/arm_linux_4.3.2/bin/arm-linux-strip
configure:2642: result: arm-linux-strip
configure:2707: checking for a thread-safe mkdir -p
configure:2746: result: /bin/mkdir -p
configure:2759: checking for gawk
configure:2775: found /usr/bin/gawk
configure:2786: result: gawk
configure:2797: checking whether make sets $(MAKE)
configure:2819: result: yes
configure:2922: checking for arm-linux-gcc
configure:2938: found /usr/local/arm_linux_4.3.2/bin/arm-linux-gcc
configure:2949: result: arm-linux-gcc
configure:3218: checking for C compiler version
configure:3227: arm-linux-gcc --version >&5
arm-linux-gcc (GCC) 4.3.2
Copyright (C) 2008 Free Software Foundation, Inc.
This is free software; see the source for copying conditions.  There is NO
warranty; not even for MERCHANTABILITY or FITNESS FOR A PARTICULAR PURPOSE.

configure:3238: $? = 0
configure:3227: arm-linux-gcc -v >&5
Using built-in specs.
Target: arm-none-linux-gnueabi
Configured with: ../../gcc-4.3/configure --prefix=/usr/local/arm_linux_4.3.2 --target=arm-none-linux-gnueabi --enable-languages=c,c++ --with-gnu-ld --with-gnu-as --disable-nls --with-float=soft --without-newlib --disable-libmudflap --disable-libssp --disable-libgomp --enable-shared --enable-static --disable-multilib
Thread model: posix
gcc version 4.3.2 (GCC) 
configure:3238: $? = 0
configure:3227: arm-linux-gcc -V >&5
arm-linux-gcc: '-V' option must have argument
configure:3238: $? = 1
configure:3227: arm-linux-gcc -qversion >&5
arm-linux-gcc: unrecognized option '-qversion'
arm-linux-gcc: no input files
configure:3238: $? = 1
configure:3258: checking whether the C compiler works
configure:3280: arm-linux-gcc -O2 -Wall -W   conftest.c  >&5
configure:3284: $? = 0
configure:3332: result: yes
configure:3335: checking for C compiler default output file name
configure:3337: result: a.out
configure:3343: checking for suffix of executables
configure:3350: arm-linux-gcc -o conftest -O2 -Wall -W   conftest.c  >&5
configure:3354: $? = 0
configure:3376: result: 
configure:3398: checking whether we are cross compiling
configure:3406: arm-linux-gcc -o conftest -O2 -Wall -W   conftest.c  >&5
configure:3410: $? = 0
configure:3417: ./conftest
./configure: line 3419: ./conftest: cannot execute binary file
configure:3421: $? = 126
configure:3436: result: yes
configure:3441: checking for suffix of object files
configure:3463: arm-linux-gcc -c -O2 -Wall -W  conftest.c >&5
configure:3467: $? = 0
configure:3488: result: o
configure:3492: checking whether we are using the GNU C compiler
configure:3511: arm-linux-gcc -c -O2 -Wall -W  conftest.c >&5
configure:3511: $? = 0
configure:3520: result: yes
configure:3529: checking whether arm-linux-gcc accepts -g
configure:3549: arm-linux-gcc -c -g  conftest.c >&5
configure:3549: $? = 0
configure:3590: result: yes
configure:3607: checking for arm-linux-gcc option to accept ISO C89
configure:3670: arm-linux-gcc  -c -O2 -Wall -W  conftest.c >&5
configure:3670: $? = 0
configure:3683: result: none needed
configure:3714: checking for style of include used by make
configure:3742: result: GNU
configure:3768: checking dependency style of arm-linux-gcc
configure:3879: result: gcc3
configure:3899: checking how to run the C preprocessor
configure:3930: arm-linux-gcc -E  conftest.c
configure:3930: $? = 0
configure:3944: arm-linux-gcc -E  conftest.c
conftest.c:11:28: error: ac_nonexistent.h: No such file or directory
configure:3944: $? = 1
configure: failed program was:
| /* confdefs.h */
| #define PACKAGE_NAME "tslib"
| #define PACKAGE_TARNAME "tslib"
| #define PACKAGE_VERSION "1.1.0"
| #define PACKAGE_STRING "tslib 1.1.0"
| #define PACKAGE_BUGREPORT "kergoth@handhelds.org"
| #define PACKAGE_URL ""
| #define PACKAGE "tslib"
| #define VERSION "1.1.0"
| /* end confdefs.h.  */
| #include <ac_nonexistent.h>
configure:3969: result: arm-linux-gcc -E
configure:3989: arm-linux-gcc -E  conftest.c
configure:3989: $? = 0
configure:4003: arm-linux-gcc -E  conftest.c
conftest.c:11:28: error: ac_nonexistent.h: No such file or directory
configure:4003: $? = 1
configure: failed program was:
| /* confdefs.h */
| #define PACKAGE_NAME "tslib"
| #define PACKAGE_TARNAME "tslib"
| #define PACKAGE_VERSION "1.1.0"
| #define PACKAGE_STRING "tslib 1.1.0"
| #define PACKAGE_BUGREPORT "kergoth@handhelds.org"
| #define PACKAGE_URL ""
| #define PACKAGE "tslib"
| #define VERSION "1.1.0"
| /* end confdefs.h.  */
| #include <ac_nonexistent.h>
configure:4035: checking whether the C compiler supports -fvisibility=hidden
configure:4052: arm-linux-gcc -c -fvisibility=hidden -O2 -Wall -W  conftest.c >&5
configure:4052: $? = 0
configure:4060: result: yes
configure:4068: checking whether to use -fvisibility=hidden
configure:4081: result: yes
configure:4091: checking whether ln -s works
configure:4095: result: yes
configure:4102: checking whether make sets $(MAKE)
configure:4124: result: yes
configure:4228: checking build system type
configure:4242: result: x86_64-unknown-linux-gnu
configure:4262: checking host system type
configure:4275: result: arm-unknown-linux-gnu
configure:4316: checking how to print strings
configure:4343: result: printf
configure:4364: checking for a sed that does not truncate output
configure:4428: result: /bin/sed
configure:4446: checking for grep that handles long lines and -e
configure:4504: result: /bin/grep
configure:4509: checking for egrep
configure:4571: result: /bin/grep -E
configure:4576: checking for fgrep
configure:4638: result: /bin/grep -F
configure:4673: checking for ld used by arm-linux-gcc
configure:4740: result: /usr/local/arm_linux_4.3.2/arm-none-linux-gnueabi/bin/ld
configure:4747: checking if the linker (/usr/local/arm_linux_4.3.2/arm-none-linux-gnueabi/bin/ld) is GNU ld
configure:4762: result: yes
configure:4774: checking for BSD- or MS-compatible name lister (nm)
configure:4823: result: /usr/local/arm_linux_4.3.2/bin/arm-linux-nm -B
configure:4953: checking the name lister (/usr/local/arm_linux_4.3.2/bin/arm-linux-nm -B) interface
configure:4960: arm-linux-gcc -c -DGCC_HASCLASSVISIBILITY -O2 -Wall -W  conftest.c >&5
configure:4963: /usr/local/arm_linux_4.3.2/bin/arm-linux-nm -B "conftest.o"
configure:4966: output
00000000 B some_variable
configure:4973: result: BSD nm
configure:4977: checking the maximum length of command line arguments
configure:5107: result: 3458764513820540925
configure:5124: checking whether the shell understands some XSI constructs
configure:5134: result: yes
configure:5138: checking whether the shell understands "+="
configure:5144: result: yes
configure:5179: checking how to convert x86_64-unknown-linux-gnu file names to arm-unknown-linux-gnu format
configure:5219: result: func_convert_file_noop
configure:5226: checking how to convert x86_64-unknown-linux-gnu file names to toolchain format
configure:5246: result: func_convert_file_noop
configure:5253: checking for /usr/local/arm_linux_4.3.2/arm-none-linux-gnueabi/bin/ld option to reload object files
configure:5260: result: -r
configure:5294: checking for arm-linux-objdump
configure:5310: found /usr/local/arm_linux_4.3.2/bin/arm-linux-objdump
configure:5321: result: arm-linux-objdump
configure:5393: checking how to recognize dependent libraries
configure:5595: result: pass_all
configure:5640: checking for arm-linux-dlltool
configure:5670: result: no
configure:5680: checking for dlltool
configure:5710: result: no
configure:5740: checking how to associate runtime and link libraries
configure:5767: result: printf %s\n
configure:5783: checking for arm-linux-ar
configure:5799: found /usr/local/arm_linux_4.3.2/bin/arm-linux-ar
configure:5810: result: arm-linux-ar
configure:5891: checking for archiver @FILE support
configure:5908: arm-linux-gcc -c -DGCC_HASCLASSVISIBILITY -O2 -Wall -W  conftest.c >&5
configure:5908: $? = 0
configure:5911: arm-linux-ar cru libconftest.a @conftest.lst >&5
configure:5914: $? = 0
configure:5919: arm-linux-ar cru libconftest.a @conftest.lst >&5
arm-linux-ar: conftest.o: No such file or directory
configure:5922: $? = 1
configure:5934: result: @
configure:5952: checking for arm-linux-strip
configure:5979: result: arm-linux-strip
configure:6051: checking for arm-linux-ranlib
configure:6067: found /usr/local/arm_linux_4.3.2/bin/arm-linux-ranlib
configure:6078: result: arm-linux-ranlib
configure:6220: checking command to parse /usr/local/arm_linux_4.3.2/bin/arm-linux-nm -B output from arm-linux-gcc object
configure:6340: arm-linux-gcc -c -DGCC_HASCLASSVISIBILITY -O2 -Wall -W  conftest.c >&5
configure:6343: $? = 0
configure:6347: /usr/local/arm_linux_4.3.2/bin/arm-linux-nm -B conftest.o \| sed -n -e 's/^.*[ ]\([ABCDGIRSTW][ABCDGIRSTW]*\)[ ][ ]*\([_A-Za-z][_A-Za-z0-9]*\)$/\1 \2 \2/p' | sed '/ __gnu_lto/d' \> conftest.nm
configure:6350: $? = 0
configure:6416: arm-linux-gcc -o conftest -DGCC_HASCLASSVISIBILITY -O2 -Wall -W   conftest.c conftstm.o >&5
configure:6419: $? = 0
configure:6457: result: ok
configure:6494: checking for sysroot
configure:6524: result: no
configure:6740: checking for arm-linux-mt
configure:6770: result: no
configure:6780: checking for mt
configure:6796: found /bin/mt
configure:6807: result: mt
configure:6819: WARNING: using cross tools not prefixed with host triplet
configure:6830: checking if mt is a manifest tool
configure:6836: mt '-?'
configure:6844: result: no
configure:7482: checking for ANSI C header files
configure:7502: arm-linux-gcc -c -DGCC_HASCLASSVISIBILITY -O2 -Wall -W  conftest.c >&5
configure:7502: $? = 0
configure:7586: result: yes
configure:7599: checking for sys/types.h
configure:7599: arm-linux-gcc -c -DGCC_HASCLASSVISIBILITY -O2 -Wall -W  conftest.c >&5
configure:7599: $? = 0
configure:7599: result: yes
configure:7599: checking for sys/stat.h
configure:7599: arm-linux-gcc -c -DGCC_HASCLASSVISIBILITY -O2 -Wall -W  conftest.c >&5
configure:7599: $? = 0
configure:7599: result: yes
configure:7599: checking for stdlib.h
configure:7599: arm-linux-gcc -c -DGCC_HASCLASSVISIBILITY -O2 -Wall -W  conftest.c >&5
configure:7599: $? = 0
configure:7599: result: yes
configure:7599: checking for string.h
configure:7599: arm-linux-gcc -c -DGCC_HASCLASSVISIBILITY -O2 -Wall -W  conftest.c >&5
configure:7599: $? = 0
configure:7599: result: yes
configure:7599: checking for memory.h
configure:7599: arm-linux-gcc -c -DGCC_HASCLASSVISIBILITY -O2 -Wall -W  conftest.c >&5
configure:7599: $? = 0
configure:7599: result: yes
configure:7599: checking for strings.h
configure:7599: arm-linux-gcc -c -DGCC_HASCLASSVISIBILITY -O2 -Wall -W  conftest.c >&5
configure:7599: $? = 0
configure:7599: result: yes
configure:7599: checking for inttypes.h
configure:7599: arm-linux-gcc -c -DGCC_HASCLASSVISIBILITY -O2 -Wall -W  conftest.c >&5
configure:7599: $? = 0
configure:7599: result: yes
configure:7599: checking for stdint.h
configure:7599: arm-linux-gcc -c -DGCC_HASCLASSVISIBILITY -O2 -Wall -W  conftest.c >&5
configure:7599: $? = 0
configure:7599: result: yes
configure:7599: checking for unistd.h
configure:7599: arm-linux-gcc -c -DGCC_HASCLASSVISIBILITY -O2 -Wall -W  conftest.c >&5
configure:7599: $? = 0
configure:7599: result: yes
configure:7613: checking for dlfcn.h
configure:7613: arm-linux-gcc -c -DGCC_HASCLASSVISIBILITY -O2 -Wall -W  conftest.c >&5
configure:7613: $? = 0
configure:7613: result: yes
configure:7757: checking for objdir
configure:7772: result: .libs
configure:8043: checking if arm-linux-gcc supports -fno-rtti -fno-exceptions
configure:8061: arm-linux-gcc -c -DGCC_HASCLASSVISIBILITY -O2 -Wall -W  -fno-rtti -fno-exceptions conftest.c >&5
cc1: warning: command line option "-fno-rtti" is valid for C++/ObjC++ but not for C
configure:8065: $? = 0
configure:8078: result: no
configure:8405: checking for arm-linux-gcc option to produce PIC
configure:8412: result: -fPIC -DPIC
configure:8420: checking if arm-linux-gcc PIC flag -fPIC -DPIC works
configure:8438: arm-linux-gcc -c -DGCC_HASCLASSVISIBILITY -O2 -Wall -W  -fPIC -DPIC -DPIC conftest.c >&5
configure:8442: $? = 0
configure:8455: result: yes
configure:8484: checking if arm-linux-gcc static flag -static works
configure:8512: result: yes
configure:8527: checking if arm-linux-gcc supports -c -o file.o
configure:8548: arm-linux-gcc -c -DGCC_HASCLASSVISIBILITY -O2 -Wall -W  -o out/conftest2.o conftest.c >&5
configure:8552: $? = 0
configure:8574: result: yes
configure:8582: checking if arm-linux-gcc supports -c -o file.o
configure:8629: result: yes
configure:8662: checking whether the arm-linux-gcc linker (/usr/local/arm_linux_4.3.2/arm-none-linux-gnueabi/bin/ld) supports shared libraries
configure:9819: result: yes
configure:9856: checking whether -lc should be explicitly linked in
configure:9864: arm-linux-gcc -c -DGCC_HASCLASSVISIBILITY -O2 -Wall -W  conftest.c >&5
configure:9867: $? = 0
configure:9882: arm-linux-gcc -shared  -fPIC -DPIC conftest.o  -v -Wl,-soname -Wl,conftest -o conftest 2\>\&1 \| /bin/grep  -lc  \>/dev/null 2\>\&1
configure:9885: $? = 0
configure:9899: result: no
configure:10059: checking dynamic linker characteristics
configure:10570: arm-linux-gcc -o conftest -DGCC_HASCLASSVISIBILITY -O2 -Wall -W   -Wl,-rpath -Wl,/foo conftest.c  >&5
configure:10570: $? = 0
configure:10804: result: GNU/Linux ld.so
configure:10911: checking how to hardcode library paths into programs
configure:10936: result: immediate
configure:11030: checking for shl_load
configure:11030: arm-linux-gcc -o conftest -DGCC_HASCLASSVISIBILITY -O2 -Wall -W   conftest.c  >&5
/tmp/ccwnERSp.o: In function `main':
conftest.c:(.text+0x4): undefined reference to `shl_load'
collect2: ld returned 1 exit status
configure:11030: $? = 1
configure: failed program was:
| /* confdefs.h */
| #define PACKAGE_NAME "tslib"
| #define PACKAGE_TARNAME "tslib"
| #define PACKAGE_VERSION "1.1.0"
| #define PACKAGE_STRING "tslib 1.1.0"
| #define PACKAGE_BUGREPORT "kergoth@handhelds.org"
| #define PACKAGE_URL ""
| #define PACKAGE "tslib"
| #define VERSION "1.1.0"
| #define STDC_HEADERS 1
| #define HAVE_SYS_TYPES_H 1
| #define HAVE_SYS_STAT_H 1
| #define HAVE_STDLIB_H 1
| #define HAVE_STRING_H 1
| #define HAVE_MEMORY_H 1
| #define HAVE_STRINGS_H 1
| #define HAVE_INTTYPES_H 1
| #define HAVE_STDINT_H 1
| #define HAVE_UNISTD_H 1
| #define HAVE_DLFCN_H 1
| #define LT_OBJDIR ".libs/"
| /* end confdefs.h.  */
| /* Define shl_load to an innocuous variant, in case <limits.h> declares shl_load.
|    For example, HP-UX 11i <limits.h> declares gettimeofday.  */
| #define shl_load innocuous_shl_load
| 
| /* System header to define __stub macros and hopefully few prototypes,
|     which can conflict with char shl_load (); below.
|     Prefer <limits.h> to <assert.h> if __STDC__ is defined, since
|     <limits.h> exists even on freestanding compilers.  */
| 
| #ifdef __STDC__
| # include <limits.h>
| #else
| # include <assert.h>
| #endif
| 
| #undef shl_load
| 
| /* Override any GCC internal prototype to avoid an error.
|    Use char because int might match the return type of a GCC
|    builtin and then its argument prototype would still apply.  */
| #ifdef __cplusplus
| extern "C"
| #endif
| char shl_load ();
| /* The GNU C library defines this for functions which it implements
|     to always fail with ENOSYS.  Some functions are actually named
|     something starting with __ and the normal name is an alias.  */
| #if defined __stub_shl_load || defined __stub___shl_load
| choke me
| #endif
| 
| int
| main ()
| {
| return shl_load ();
|   ;
|   return 0;
| }
configure:11030: result: no
configure:11034: checking for shl_load in -ldld
configure:11059: arm-linux-gcc -o conftest -DGCC_HASCLASSVISIBILITY -O2 -Wall -W   conftest.c -ldld   >&5
/usr/local/arm_linux_4.3.2/lib/gcc/arm-none-linux-gnueabi/4.3.2/../../../../arm-none-linux-gnueabi/bin/ld: cannot find -ldld
collect2: ld returned 1 exit status
configure:11059: $? = 1
configure: failed program was:
| /* confdefs.h */
| #define PACKAGE_NAME "tslib"
| #define PACKAGE_TARNAME "tslib"
| #define PACKAGE_VERSION "1.1.0"
| #define PACKAGE_STRING "tslib 1.1.0"
| #define PACKAGE_BUGREPORT "kergoth@handhelds.org"
| #define PACKAGE_URL ""
| #define PACKAGE "tslib"
| #define VERSION "1.1.0"
| #define STDC_HEADERS 1
| #define HAVE_SYS_TYPES_H 1
| #define HAVE_SYS_STAT_H 1
| #define HAVE_STDLIB_H 1
| #define HAVE_STRING_H 1
| #define HAVE_MEMORY_H 1
| #define HAVE_STRINGS_H 1
| #define HAVE_INTTYPES_H 1
| #define HAVE_STDINT_H 1
| #define HAVE_UNISTD_H 1
| #define HAVE_DLFCN_H 1
| #define LT_OBJDIR ".libs/"
| /* end confdefs.h.  */
| 
| /* Override any GCC internal prototype to avoid an error.
|    Use char because int might match the return type of a GCC
|    builtin and then its argument prototype would still apply.  */
| #ifdef __cplusplus
| extern "C"
| #endif
| char shl_load ();
| int
| main ()
| {
| return shl_load ();
|   ;
|   return 0;
| }
configure:11068: result: no
configure:11073: checking for dlopen
configure:11073: arm-linux-gcc -o conftest -DGCC_HASCLASSVISIBILITY -O2 -Wall -W   conftest.c  >&5
/tmp/ccusDyGz.o: In function `main':
conftest.c:(.text+0x4): undefined reference to `dlopen'
collect2: ld returned 1 exit status
configure:11073: $? = 1
configure: failed program was:
| /* confdefs.h */
| #define PACKAGE_NAME "tslib"
| #define PACKAGE_TARNAME "tslib"
| #define PACKAGE_VERSION "1.1.0"
| #define PACKAGE_STRING "tslib 1.1.0"
| #define PACKAGE_BUGREPORT "kergoth@handhelds.org"
| #define PACKAGE_URL ""
| #define PACKAGE "tslib"
| #define VERSION "1.1.0"
| #define STDC_HEADERS 1
| #define HAVE_SYS_TYPES_H 1
| #define HAVE_SYS_STAT_H 1
| #define HAVE_STDLIB_H 1
| #define HAVE_STRING_H 1
| #define HAVE_MEMORY_H 1
| #define HAVE_STRINGS_H 1
| #define HAVE_INTTYPES_H 1
| #define HAVE_STDINT_H 1
| #define HAVE_UNISTD_H 1
| #define HAVE_DLFCN_H 1
| #define LT_OBJDIR ".libs/"
| /* end confdefs.h.  */
| /* Define dlopen to an innocuous variant, in case <limits.h> declares dlopen.
|    For example, HP-UX 11i <limits.h> declares gettimeofday.  */
| #define dlopen innocuous_dlopen
| 
| /* System header to define __stub macros and hopefully few prototypes,
|     which can conflict with char dlopen (); below.
|     Prefer <limits.h> to <assert.h> if __STDC__ is defined, since
|     <limits.h> exists even on freestanding compilers.  */
| 
| #ifdef __STDC__
| # include <limits.h>
| #else
| # include <assert.h>
| #endif
| 
| #undef dlopen
| 
| /* Override any GCC internal prototype to avoid an error.
|    Use char because int might match the return type of a GCC
|    builtin and then its argument prototype would still apply.  */
| #ifdef __cplusplus
| extern "C"
| #endif
| char dlopen ();
| /* The GNU C library defines this for functions which it implements
|     to always fail with ENOSYS.  Some functions are actually named
|     something starting with __ and the normal name is an alias.  */
| #if defined __stub_dlopen || defined __stub___dlopen
| choke me
| #endif
| 
| int
| main ()
| {
| return dlopen ();
|   ;
|   return 0;
| }
configure:11073: result: no
configure:11077: checking for dlopen in -ldl
configure:11102: arm-linux-gcc -o conftest -DGCC_HASCLASSVISIBILITY -O2 -Wall -W   conftest.c -ldl   >&5
configure:11102: $? = 0
configure:11111: result: yes
configure:11230: checking whether a program can dlopen itself
configure:11331: result: cross
configure:11476: checking whether stripping libraries is possible
configure:11481: result: yes
configure:11516: checking if libtool supports shared libraries
configure:11518: result: yes
configure:11521: checking whether to build shared libraries
configure:11542: result: yes
configure:11545: checking whether to build static libraries
configure:11549: result: yes
configure:11588: checking for dlopen in -ldl
configure:11622: result: yes
configure:11635: checking for size_t
configure:11635: arm-linux-gcc -c -DGCC_HASCLASSVISIBILITY -O2 -Wall -W  conftest.c >&5
configure:11635: $? = 0
configure:11635: arm-linux-gcc -c -DGCC_HASCLASSVISIBILITY -O2 -Wall -W  conftest.c >&5
conftest.c: In function 'main':
conftest.c:60: error: expected expression before ')' token
configure:11635: $? = 1
configure: failed program was:
| /* confdefs.h */
| #define PACKAGE_NAME "tslib"
| #define PACKAGE_TARNAME "tslib"
| #define PACKAGE_VERSION "1.1.0"
| #define PACKAGE_STRING "tslib 1.1.0"
| #define PACKAGE_BUGREPORT "kergoth@handhelds.org"
| #define PACKAGE_URL ""
| #define PACKAGE "tslib"
| #define VERSION "1.1.0"
| #define STDC_HEADERS 1
| #define HAVE_SYS_TYPES_H 1
| #define HAVE_SYS_STAT_H 1
| #define HAVE_STDLIB_H 1
| #define HAVE_STRING_H 1
| #define HAVE_MEMORY_H 1
| #define HAVE_STRINGS_H 1
| #define HAVE_INTTYPES_H 1
| #define HAVE_STDINT_H 1
| #define HAVE_UNISTD_H 1
| #define HAVE_DLFCN_H 1
| #define LT_OBJDIR ".libs/"
| #define HAVE_LIBDL 1
| /* end confdefs.h.  */
| #include <stdio.h>
| #ifdef HAVE_SYS_TYPES_H
| # include <sys/types.h>
| #endif
| #ifdef HAVE_SYS_STAT_H
| # include <sys/stat.h>
| #endif
| #ifdef STDC_HEADERS
| # include <stdlib.h>
| # include <stddef.h>
| #else
| # ifdef HAVE_STDLIB_H
| #  include <stdlib.h>
| # endif
| #endif
| #ifdef HAVE_STRING_H
| # if !defined STDC_HEADERS && defined HAVE_MEMORY_H
| #  include <memory.h>
| # endif
| # include <string.h>
| #endif
| #ifdef HAVE_STRINGS_H
| # include <strings.h>
| #endif
| #ifdef HAVE_INTTYPES_H
| # include <inttypes.h>
| #endif
| #ifdef HAVE_STDINT_H
| # include <stdint.h>
| #endif
| #ifdef HAVE_UNISTD_H
| # include <unistd.h>
| #endif
| int
| main ()
| {
| if (sizeof ((size_t)))
| 	    return 0;
|   ;
|   return 0;
| }
configure:11635: result: yes
configure:11648: checking for working alloca.h
configure:11665: arm-linux-gcc -o conftest -DGCC_HASCLASSVISIBILITY -O2 -Wall -W   conftest.c -ldl  >&5
configure:11665: $? = 0
configure:11673: result: yes
configure:11681: checking for alloca
configure:11718: arm-linux-gcc -o conftest -DGCC_HASCLASSVISIBILITY -O2 -Wall -W   conftest.c -ldl  >&5
configure:11718: $? = 0
configure:11726: result: yes
configure:11832: checking for ANSI C header files
configure:11936: result: yes
configure:11947: checking fcntl.h usability
configure:11947: arm-linux-gcc -c -DGCC_HASCLASSVISIBILITY -O2 -Wall -W  conftest.c >&5
configure:11947: $? = 0
configure:11947: result: yes
configure:11947: checking fcntl.h presence
configure:11947: arm-linux-gcc -E  conftest.c
configure:11947: $? = 0
configure:11947: result: yes
configure:11947: checking for fcntl.h
configure:11947: result: yes
configure:11947: checking limits.h usability
configure:11947: arm-linux-gcc -c -DGCC_HASCLASSVISIBILITY -O2 -Wall -W  conftest.c >&5
configure:11947: $? = 0
configure:11947: result: yes
configure:11947: checking limits.h presence
configure:11947: arm-linux-gcc -E  conftest.c
configure:11947: $? = 0
configure:11947: result: yes
configure:11947: checking for limits.h
configure:11947: result: yes
configure:11947: checking for stdlib.h
configure:11947: result: yes
configure:11947: checking for string.h
configure:11947: result: yes
configure:11947: checking sys/ioctl.h usability
configure:11947: arm-linux-gcc -c -DGCC_HASCLASSVISIBILITY -O2 -Wall -W  conftest.c >&5
configure:11947: $? = 0
configure:11947: result: yes
configure:11947: checking sys/ioctl.h presence
configure:11947: arm-linux-gcc -E  conftest.c
configure:11947: $? = 0
configure:11947: result: yes
configure:11947: checking for sys/ioctl.h
configure:11947: result: yes
configure:11947: checking sys/time.h usability
configure:11947: arm-linux-gcc -c -DGCC_HASCLASSVISIBILITY -O2 -Wall -W  conftest.c >&5
configure:11947: $? = 0
configure:11947: result: yes
configure:11947: checking sys/time.h presence
configure:11947: arm-linux-gcc -E  conftest.c
configure:11947: $? = 0
configure:11947: result: yes
configure:11947: checking for sys/time.h
configure:11947: result: yes
configure:11947: checking for unistd.h
configure:11947: result: yes
configure:11959: checking for an ANSI C-conforming const
configure:12025: arm-linux-gcc -c -DGCC_HASCLASSVISIBILITY -O2 -Wall -W  conftest.c >&5
configure:12025: $? = 0
configure:12032: result: yes
configure:12040: checking for inline
configure:12056: arm-linux-gcc -c -DGCC_HASCLASSVISIBILITY -O2 -Wall -W  conftest.c >&5
configure:12056: $? = 0
configure:12064: result: inline
configure:12082: checking for size_t
configure:12082: result: yes
configure:12093: checking whether time.h and sys/time.h may both be included
configure:12113: arm-linux-gcc -c -DGCC_HASCLASSVISIBILITY -O2 -Wall -W  conftest.c >&5
configure:12113: $? = 0
configure:12120: result: yes
configure:12131: checking whether arm-linux-gcc needs -traditional
configure:12165: result: no
configure:12178: checking for stdlib.h
configure:12178: result: yes
configure:12178: checking for unistd.h
configure:12178: result: yes
configure:12178: checking for sys/param.h
configure:12178: arm-linux-gcc -c -DGCC_HASCLASSVISIBILITY -O2 -Wall -W  conftest.c >&5
configure:12178: $? = 0
configure:12178: result: yes
configure:12198: checking for getpagesize
configure:12198: arm-linux-gcc -o conftest -DGCC_HASCLASSVISIBILITY -O2 -Wall -W   conftest.c -ldl  >&5
configure:12198: $? = 0
configure:12198: result: yes
configure:12207: checking for working mmap
configure:12364: result: no
configure:12376: checking sys/select.h usability
configure:12376: arm-linux-gcc -c -DGCC_HASCLASSVISIBILITY -O2 -Wall -W  conftest.c >&5
configure:12376: $? = 0
configure:12376: result: yes
configure:12376: checking sys/select.h presence
configure:12376: arm-linux-gcc -E  conftest.c
configure:12376: $? = 0
configure:12376: result: yes
configure:12376: checking for sys/select.h
configure:12376: result: yes
configure:12376: checking sys/socket.h usability
configure:12376: arm-linux-gcc -c -DGCC_HASCLASSVISIBILITY -O2 -Wall -W  conftest.c >&5
configure:12376: $? = 0
configure:12376: result: yes
configure:12376: checking sys/socket.h presence
configure:12376: arm-linux-gcc -E  conftest.c
configure:12376: $? = 0
configure:12376: result: yes
configure:12376: checking for sys/socket.h
configure:12376: result: yes
configure:12386: checking types of arguments for select
configure:12414: arm-linux-gcc -c -DGCC_HASCLASSVISIBILITY -O2 -Wall -W  conftest.c >&5
configure:12414: $? = 0
configure:12425: result: int,fd_set *,struct timeval *
configure:12448: checking return type of signal handlers
configure:12466: arm-linux-gcc -c -DGCC_HASCLASSVISIBILITY -O2 -Wall -W  conftest.c >&5
conftest.c: In function 'main':
conftest.c:50: error: void value not ignored as it ought to be
configure:12466: $? = 1
configure: failed program was:
| /* confdefs.h */
| #define PACKAGE_NAME "tslib"
| #define PACKAGE_TARNAME "tslib"
| #define PACKAGE_VERSION "1.1.0"
| #define PACKAGE_STRING "tslib 1.1.0"
| #define PACKAGE_BUGREPORT "kergoth@handhelds.org"
| #define PACKAGE_URL ""
| #define PACKAGE "tslib"
| #define VERSION "1.1.0"
| #define STDC_HEADERS 1
| #define HAVE_SYS_TYPES_H 1
| #define HAVE_SYS_STAT_H 1
| #define HAVE_STDLIB_H 1
| #define HAVE_STRING_H 1
| #define HAVE_MEMORY_H 1
| #define HAVE_STRINGS_H 1
| #define HAVE_INTTYPES_H 1
| #define HAVE_STDINT_H 1
| #define HAVE_UNISTD_H 1
| #define HAVE_DLFCN_H 1
| #define LT_OBJDIR ".libs/"
| #define HAVE_LIBDL 1
| #define HAVE_ALLOCA_H 1
| #define HAVE_ALLOCA 1
| #define STDC_HEADERS 1
| #define HAVE_FCNTL_H 1
| #define HAVE_LIMITS_H 1
| #define HAVE_STDLIB_H 1
| #define HAVE_STRING_H 1
| #define HAVE_SYS_IOCTL_H 1
| #define HAVE_SYS_TIME_H 1
| #define HAVE_UNISTD_H 1
| #define TIME_WITH_SYS_TIME 1
| #define HAVE_STDLIB_H 1
| #define HAVE_UNISTD_H 1
| #define HAVE_SYS_PARAM_H 1
| #define HAVE_GETPAGESIZE 1
| #define HAVE_SYS_SELECT_H 1
| #define HAVE_SYS_SOCKET_H 1
| #define SELECT_TYPE_ARG1 int
| #define SELECT_TYPE_ARG234 (fd_set *)
| #define SELECT_TYPE_ARG5 (struct timeval *)
| /* end confdefs.h.  */
| #include <sys/types.h>
| #include <signal.h>
| 
| int
| main ()
| {
| return *(signal (0, 0)) (0) == 1;
|   ;
|   return 0;
| }
configure:12473: result: void
configure:12481: checking whether lstat correctly handles trailing slash
configure:12524: result: no
configure:12543: checking whether stat accepts an empty string
configure:12573: result: yes
configure:12591: checking for vprintf
configure:12591: arm-linux-gcc -o conftest -DGCC_HASCLASSVISIBILITY -O2 -Wall -W   conftest.c -ldl  >&5
conftest.c:69: warning: conflicting types for built-in function 'vprintf'
configure:12591: $? = 0
configure:12591: result: yes
configure:12597: checking for _doprnt
configure:12597: arm-linux-gcc -o conftest -DGCC_HASCLASSVISIBILITY -O2 -Wall -W   conftest.c -ldl  >&5
/tmp/cckW23bi.o: In function `main':
conftest.c:(.text+0x4): undefined reference to `_doprnt'
collect2: ld returned 1 exit status
configure:12597: $? = 1
configure: failed program was:
| /* confdefs.h */
| #define PACKAGE_NAME "tslib"
| #define PACKAGE_TARNAME "tslib"
| #define PACKAGE_VERSION "1.1.0"
| #define PACKAGE_STRING "tslib 1.1.0"
| #define PACKAGE_BUGREPORT "kergoth@handhelds.org"
| #define PACKAGE_URL ""
| #define PACKAGE "tslib"
| #define VERSION "1.1.0"
| #define STDC_HEADERS 1
| #define HAVE_SYS_TYPES_H 1
| #define HAVE_SYS_STAT_H 1
| #define HAVE_STDLIB_H 1
| #define HAVE_STRING_H 1
| #define HAVE_MEMORY_H 1
| #define HAVE_STRINGS_H 1
| #define HAVE_INTTYPES_H 1
| #define HAVE_STDINT_H 1
| #define HAVE_UNISTD_H 1
| #define HAVE_DLFCN_H 1
| #define LT_OBJDIR ".libs/"
| #define HAVE_LIBDL 1
| #define HAVE_ALLOCA_H 1
| #define HAVE_ALLOCA 1
| #define STDC_HEADERS 1
| #define HAVE_FCNTL_H 1
| #define HAVE_LIMITS_H 1
| #define HAVE_STDLIB_H 1
| #define HAVE_STRING_H 1
| #define HAVE_SYS_IOCTL_H 1
| #define HAVE_SYS_TIME_H 1
| #define HAVE_UNISTD_H 1
| #define TIME_WITH_SYS_TIME 1
| #define HAVE_STDLIB_H 1
| #define HAVE_UNISTD_H 1
| #define HAVE_SYS_PARAM_H 1
| #define HAVE_GETPAGESIZE 1
| #define HAVE_SYS_SELECT_H 1
| #define HAVE_SYS_SOCKET_H 1
| #define SELECT_TYPE_ARG1 int
| #define SELECT_TYPE_ARG234 (fd_set *)
| #define SELECT_TYPE_ARG5 (struct timeval *)
| #define RETSIGTYPE void
| #define HAVE_STAT_EMPTY_STRING_BUG 1
| #define HAVE_VPRINTF 1
| /* end confdefs.h.  */
| /* Define _doprnt to an innocuous variant, in case <limits.h> declares _doprnt.
|    For example, HP-UX 11i <limits.h> declares gettimeofday.  */
| #define _doprnt innocuous__doprnt
| 
| /* System header to define __stub macros and hopefully few prototypes,
|     which can conflict with char _doprnt (); below.
|     Prefer <limits.h> to <assert.h> if __STDC__ is defined, since
|     <limits.h> exists even on freestanding compilers.  */
| 
| #ifdef __STDC__
| # include <limits.h>
| #else
| # include <assert.h>
| #endif
| 
| #undef _doprnt
| 
| /* Override any GCC internal prototype to avoid an error.
|    Use char because int might match the return type of a GCC
|    builtin and then its argument prototype would still apply.  */
| #ifdef __cplusplus
| extern "C"
| #endif
| char _doprnt ();
| /* The GNU C library defines this for functions which it implements
|     to always fail with ENOSYS.  Some functions are actually named
|     something starting with __ and the normal name is an alias.  */
| #if defined __stub__doprnt || defined __stub____doprnt
| choke me
| #endif
| 
| int
| main ()
| {
| return _doprnt ();
|   ;
|   return 0;
| }
configure:12597: result: no
configure:12611: checking for gettimeofday
configure:12611: arm-linux-gcc -o conftest -DGCC_HASCLASSVISIBILITY -O2 -Wall -W   conftest.c -ldl  >&5
configure:12611: $? = 0
configure:12611: result: yes
configure:12611: checking for memmove
configure:12611: arm-linux-gcc -o conftest -DGCC_HASCLASSVISIBILITY -O2 -Wall -W   conftest.c -ldl  >&5
conftest.c:71: warning: conflicting types for built-in function 'memmove'
configure:12611: $? = 0
configure:12611: result: yes
configure:12611: checking for memset
configure:12611: arm-linux-gcc -o conftest -DGCC_HASCLASSVISIBILITY -O2 -Wall -W   conftest.c -ldl  >&5
conftest.c:72: warning: conflicting types for built-in function 'memset'
configure:12611: $? = 0
configure:12611: result: yes
configure:12611: checking for munmap
configure:12611: arm-linux-gcc -o conftest -DGCC_HASCLASSVISIBILITY -O2 -Wall -W   conftest.c -ldl  >&5
configure:12611: $? = 0
configure:12611: result: yes
configure:12611: checking for select
configure:12611: arm-linux-gcc -o conftest -DGCC_HASCLASSVISIBILITY -O2 -Wall -W   conftest.c -ldl  >&5
configure:12611: $? = 0
configure:12611: result: yes
configure:12611: checking for strcasecmp
configure:12611: arm-linux-gcc -o conftest -DGCC_HASCLASSVISIBILITY -O2 -Wall -W   conftest.c -ldl  >&5
conftest.c:75: warning: conflicting types for built-in function 'strcasecmp'
configure:12611: $? = 0
configure:12611: result: yes
configure:12611: checking for strchr
configure:12611: arm-linux-gcc -o conftest -DGCC_HASCLASSVISIBILITY -O2 -Wall -W   conftest.c -ldl  >&5
conftest.c:76: warning: conflicting types for built-in function 'strchr'
configure:12611: $? = 0
configure:12611: result: yes
configure:12611: checking for strdup
configure:12611: arm-linux-gcc -o conftest -DGCC_HASCLASSVISIBILITY -O2 -Wall -W   conftest.c -ldl  >&5
conftest.c:77: warning: conflicting types for built-in function 'strdup'
configure:12611: $? = 0
configure:12611: result: yes
configure:12611: checking for strtoul
configure:12611: arm-linux-gcc -o conftest -DGCC_HASCLASSVISIBILITY -O2 -Wall -W   conftest.c -ldl  >&5
configure:12611: $? = 0
configure:12611: result: yes
configure:12624: checking whether linear module is requested
configure:12634: result: yes
configure:12663: checking whether dejitter module is requested
configure:12673: result: yes
configure:12702: checking whether linear-h2200 module is requested
configure:12712: result: yes
configure:12741: checking whether variance module is requested
configure:12751: result: yes
configure:12780: checking whether pthres module is requested
configure:12790: result: yes
configure:12821: checking whether ucb1x00 module is requested
configure:12831: result: yes
configure:12860: checking whether cy8mrln-palmpre module is requested
configure:12870: result: no
configure:12899: checking whether corgi module is requested
configure:12909: result: yes
configure:12938: checking whether collie module is requested
configure:12948: result: yes
configure:12977: checking whether h3600 module is requested
configure:12987: result: yes
configure:13016: checking whether mk712 module is requested
configure:13026: result: yes
configure:13055: checking whether arctic2 module is requested
configure:13065: result: yes
configure:13094: checking whether tatung module is requested
configure:13104: result: yes
configure:13133: checking whether dmc module is requested
configure:13143: result: yes
configure:13172: checking whether input module is requested
configure:13182: result: yes
configure:13211: checking whether touchkit module is requested
configure:13221: result: yes
configure:13250: checking whether galax module is requested
configure:13260: result: yes
configure:13290: checking where to place modules
configure:13300: result: ${libdir}/ts
configure:13304: checking whether to enable debugging
configure:13313: result: no
configure:13609: creating ./config.status

## ---------------- ##
## Cache variables. ##
## ---------------- ##

ac_cv_build=x86_64-unknown-linux-gnu
ac_cv_c_compiler_gnu=yes
ac_cv_c_const=yes
ac_cv_c_inline=inline
ac_cv_env_CC_set=
ac_cv_env_CC_value=
ac_cv_env_CFLAGS_set=
ac_cv_env_CFLAGS_value=
ac_cv_env_CPPFLAGS_set=
ac_cv_env_CPPFLAGS_value=
ac_cv_env_CPP_set=
ac_cv_env_CPP_value=
ac_cv_env_LDFLAGS_set=
ac_cv_env_LDFLAGS_value=
ac_cv_env_LIBS_set=
ac_cv_env_LIBS_value=
ac_cv_env_build_alias_set=
ac_cv_env_build_alias_value=
ac_cv_env_host_alias_set=set
ac_cv_env_host_alias_value=arm-linux
ac_cv_env_target_alias_set=
ac_cv_env_target_alias_value=
ac_cv_func__doprnt=no
ac_cv_func_alloca_works=yes
ac_cv_func_dlopen=no
ac_cv_func_getpagesize=yes
ac_cv_func_gettimeofday=yes
ac_cv_func_lstat_dereferences_slashed_symlink=no
ac_cv_func_memmove=yes
ac_cv_func_memset=yes
ac_cv_func_mmap_fixed_mapped=no
ac_cv_func_munmap=yes
ac_cv_func_select=yes
ac_cv_func_select_args='int,fd_set *,struct timeval *'
ac_cv_func_shl_load=no
ac_cv_func_stat_empty_string_bug=yes
ac_cv_func_strcasecmp=yes
ac_cv_func_strchr=yes
ac_cv_func_strdup=yes
ac_cv_func_strtoul=yes
ac_cv_func_vprintf=yes
ac_cv_header_dlfcn_h=yes
ac_cv_header_fcntl_h=yes
ac_cv_header_inttypes_h=yes
ac_cv_header_limits_h=yes
ac_cv_header_memory_h=yes
ac_cv_header_stdc=yes
ac_cv_header_stdint_h=yes
ac_cv_header_stdlib_h=yes
ac_cv_header_string_h=yes
ac_cv_header_strings_h=yes
ac_cv_header_sys_ioctl_h=yes
ac_cv_header_sys_param_h=yes
ac_cv_header_sys_select_h=yes
ac_cv_header_sys_socket_h=yes
ac_cv_header_sys_stat_h=yes
ac_cv_header_sys_time_h=yes
ac_cv_header_sys_types_h=yes
ac_cv_header_time=yes
ac_cv_header_unistd_h=yes
ac_cv_host=arm-unknown-linux-gnu
ac_cv_lib_dl_dlopen=yes
ac_cv_lib_dld_shl_load=no
ac_cv_objext=o
ac_cv_path_EGREP='/bin/grep -E'
ac_cv_path_FGREP='/bin/grep -F'
ac_cv_path_GREP=/bin/grep
ac_cv_path_SED=/bin/sed
ac_cv_path_install='/usr/bin/install -c'
ac_cv_path_mkdir=/bin/mkdir
ac_cv_prog_AR=arm-linux-ar
ac_cv_prog_AWK=gawk
ac_cv_prog_CC=arm-linux-gcc
ac_cv_prog_CPP='arm-linux-gcc -E'
ac_cv_prog_OBJDUMP=arm-linux-objdump
ac_cv_prog_RANLIB=arm-linux-ranlib
ac_cv_prog_STRIP=arm-linux-strip
ac_cv_prog_ac_ct_MANIFEST_TOOL=mt
ac_cv_prog_cc_c89=
ac_cv_prog_cc_g=yes
ac_cv_prog_gcc_traditional=no
ac_cv_prog_make_make_set=yes
ac_cv_type_signal=void
ac_cv_type_size_t=yes
ac_cv_working_alloca_h=yes
am_cv_CC_dependencies_compiler_type=gcc3
bb_cv_cc_supports_hidden_visibility=yes
lt_cv_ar_at_file=@
lt_cv_archive_cmds_need_lc=no
lt_cv_deplibs_check_method=pass_all
lt_cv_dlopen=dlopen
lt_cv_dlopen_libs=-ldl
lt_cv_dlopen_self=cross
lt_cv_file_magic_cmd='$MAGIC_CMD'
lt_cv_file_magic_test_file=
lt_cv_ld_reload_flag=-r
lt_cv_nm_interface='BSD nm'
lt_cv_objdir=.libs
lt_cv_path_LD=/usr/local/arm_linux_4.3.2/arm-none-linux-gnueabi/bin/ld
lt_cv_path_NM='/usr/local/arm_linux_4.3.2/bin/arm-linux-nm -B'
lt_cv_path_mainfest_tool=no
lt_cv_prog_compiler_c_o=yes
lt_cv_prog_compiler_pic='-fPIC -DPIC'
lt_cv_prog_compiler_pic_works=yes
lt_cv_prog_compiler_rtti_exceptions=no
lt_cv_prog_compiler_static_works=yes
lt_cv_prog_gnu_ld=yes
lt_cv_sharedlib_from_linklib_cmd='printf %s\n'
lt_cv_shlibpath_overrides_runpath=no
lt_cv_sys_global_symbol_pipe='sed -n -e '\''s/^.*[	 ]\([ABCDGIRSTW][ABCDGIRSTW]*\)[	 ][	 ]*\([_A-Za-z][_A-Za-z0-9]*\)$/\1 \2 \2/p'\'' | sed '\''/ __gnu_lto/d'\'''
lt_cv_sys_global_symbol_to_c_name_address='sed -n -e '\''s/^: \([^ ]*\)[ ]*$/  {\"\1\", (void *) 0},/p'\'' -e '\''s/^[ABCDGIRSTW]* \([^ ]*\) \([^ ]*\)$/  {"\2", (void *) \&\2},/p'\'''
lt_cv_sys_global_symbol_to_c_name_address_lib_prefix='sed -n -e '\''s/^: \([^ ]*\)[ ]*$/  {\"\1\", (void *) 0},/p'\'' -e '\''s/^[ABCDGIRSTW]* \([^ ]*\) \(lib[^ ]*\)$/  {"\2", (void *) \&\2},/p'\'' -e '\''s/^[ABCDGIRSTW]* \([^ ]*\) \([^ ]*\)$/  {"lib\2", (void *) \&\2},/p'\'''
lt_cv_sys_global_symbol_to_cdecl='sed -n -e '\''s/^T .* \(.*\)$/extern int \1();/p'\'' -e '\''s/^[ABCDGIRSTW]* .* \(.*\)$/extern char \1;/p'\'''
lt_cv_sys_max_cmd_len=3458764513820540925
lt_cv_to_host_file_cmd=func_convert_file_noop
lt_cv_to_tool_file_cmd=func_convert_file_noop

## ----------------- ##
## Output variables. ##
## ----------------- ##

ACLOCAL='${SHELL} /home/schung/applications/tslib-1.1/missing --run aclocal-1.11'
ALLOCA=''
AMDEPBACKSLASH='\'
AMDEP_FALSE='#'
AMDEP_TRUE=''
AMTAR='$${TAR-tar}'
AR='arm-linux-ar'
AUTOCONF='${SHELL} /home/schung/applications/tslib-1.1/missing --run autoconf'
AUTOHEADER='${SHELL} /home/schung/applications/tslib-1.1/missing --run autoheader'
AUTOMAKE='${SHELL} /home/schung/applications/tslib-1.1/missing --run automake-1.11'
AWK='gawk'
CC='arm-linux-gcc'
CCDEPMODE='depmode=gcc3'
CFLAGS='-DGCC_HASCLASSVISIBILITY -O2 -Wall -W'
CPP='arm-linux-gcc -E'
CPPFLAGS=''
CYGPATH_W='echo'
DEBUGFLAGS=''
DEFS='-DHAVE_CONFIG_H'
DEPDIR='.deps'
DLLTOOL='false'
DSYMUTIL=''
DUMPBIN=''
ECHO_C=''
ECHO_N='-n'
ECHO_T=''
EGREP='/bin/grep -E'
ENABLE_ARCTIC2_MODULE_FALSE='#'
ENABLE_ARCTIC2_MODULE_TRUE=''
ENABLE_COLLIE_MODULE_FALSE='#'
ENABLE_COLLIE_MODULE_TRUE=''
ENABLE_CORGI_MODULE_FALSE='#'
ENABLE_CORGI_MODULE_TRUE=''
ENABLE_CY8MRLN_PALMPRE_MODULE_FALSE=''
ENABLE_CY8MRLN_PALMPRE_MODULE_TRUE='#'
ENABLE_DEJITTER_MODULE_FALSE='#'
ENABLE_DEJITTER_MODULE_TRUE=''
ENABLE_DMC_MODULE_FALSE='#'
ENABLE_DMC_MODULE_TRUE=''
ENABLE_GALAX_MODULE_FALSE='#'
ENABLE_GALAX_MODULE_TRUE=''
ENABLE_H3600_MODULE_FALSE='#'
ENABLE_H3600_MODULE_TRUE=''
ENABLE_INPUT_MODULE_FALSE='#'
ENABLE_INPUT_MODULE_TRUE=''
ENABLE_LINEAR_H2200_MODULE_FALSE='#'
ENABLE_LINEAR_H2200_MODULE_TRUE=''
ENABLE_LINEAR_MODULE_FALSE='#'
ENABLE_LINEAR_MODULE_TRUE=''
ENABLE_MK712_MODULE_FALSE='#'
ENABLE_MK712_MODULE_TRUE=''
ENABLE_PTHRES_MODULE_FALSE='#'
ENABLE_PTHRES_MODULE_TRUE=''
ENABLE_STATIC_ARCTIC2_MODULE_FALSE=''
ENABLE_STATIC_ARCTIC2_MODULE_TRUE='#'
ENABLE_STATIC_COLLIE_MODULE_FALSE=''
ENABLE_STATIC_COLLIE_MODULE_TRUE='#'
ENABLE_STATIC_CORGI_MODULE_FALSE=''
ENABLE_STATIC_CORGI_MODULE_TRUE='#'
ENABLE_STATIC_CY8MRLN_PALMPRE_MODULE_FALSE=''
ENABLE_STATIC_CY8MRLN_PALMPRE_MODULE_TRUE='#'
ENABLE_STATIC_DEJITTER_MODULE_FALSE=''
ENABLE_STATIC_DEJITTER_MODULE_TRUE='#'
ENABLE_STATIC_DMC_MODULE_FALSE=''
ENABLE_STATIC_DMC_MODULE_TRUE='#'
ENABLE_STATIC_GALAX_MODULE_FALSE=''
ENABLE_STATIC_GALAX_MODULE_TRUE='#'
ENABLE_STATIC_H3600_MODULE_FALSE=''
ENABLE_STATIC_H3600_MODULE_TRUE='#'
ENABLE_STATIC_INPUT_MODULE_FALSE=''
ENABLE_STATIC_INPUT_MODULE_TRUE='#'
ENABLE_STATIC_LINEAR_H2200_MODULE_FALSE=''
ENABLE_STATIC_LINEAR_H2200_MODULE_TRUE='#'
ENABLE_STATIC_LINEAR_MODULE_FALSE=''
ENABLE_STATIC_LINEAR_MODULE_TRUE='#'
ENABLE_STATIC_MK712_MODULE_FALSE=''
ENABLE_STATIC_MK712_MODULE_TRUE='#'
ENABLE_STATIC_PTHRES_MODULE_FALSE=''
ENABLE_STATIC_PTHRES_MODULE_TRUE='#'
ENABLE_STATIC_TATUNG_MODULE_FALSE=''
ENABLE_STATIC_TATUNG_MODULE_TRUE='#'
ENABLE_STATIC_TOUCHKIT_MODULE_FALSE=''
ENABLE_STATIC_TOUCHKIT_MODULE_TRUE='#'
ENABLE_STATIC_UCB1X00_MODULE_FALSE=''
ENABLE_STATIC_UCB1X00_MODULE_TRUE='#'
ENABLE_STATIC_VARIANCE_MODULE_FALSE=''
ENABLE_STATIC_VARIANCE_MODULE_TRUE='#'
ENABLE_TATUNG_MODULE_FALSE='#'
ENABLE_TATUNG_MODULE_TRUE=''
ENABLE_TOUCHKIT_MODULE_FALSE='#'
ENABLE_TOUCHKIT_MODULE_TRUE=''
ENABLE_UCB1X00_MODULE_FALSE='#'
ENABLE_UCB1X00_MODULE_TRUE=''
ENABLE_VARIANCE_MODULE_FALSE='#'
ENABLE_VARIANCE_MODULE_TRUE=''
EXEEXT=''
FGREP='/bin/grep -F'
GREP='/bin/grep'
INSTALL_DATA='${INSTALL} -m 644'
INSTALL_PROGRAM='${INSTALL}'
INSTALL_SCRIPT='${INSTALL}'
INSTALL_STRIP_PROGRAM='$(install_sh) -c -s'
LD='/usr/local/arm_linux_4.3.2/arm-none-linux-gnueabi/bin/ld'
LDFLAGS=''
LIBFLAGS='-DTSLIB_INTERNAL'
LIBOBJS=' ${LIBOBJDIR}lstat$U.o ${LIBOBJDIR}stat$U.o'
LIBS='-ldl '
LIBTOOL='$(SHELL) $(top_builddir)/libtool'
LIPO=''
LN_S='ln -s'
LTLIBOBJS=' ${LIBOBJDIR}lstat$U.lo ${LIBOBJDIR}stat$U.lo'
LT_AGE='0'
LT_CURRENT='0'
LT_RELEASE='1.0'
LT_REVISION='0'
MAKEINFO='${SHELL} /home/schung/applications/tslib-1.1/missing --run makeinfo'
MANIFEST_TOOL=':'
MKDIR_P='/bin/mkdir -p'
NM='/usr/local/arm_linux_4.3.2/bin/arm-linux-nm -B'
NMEDIT=''
OBJDUMP='arm-linux-objdump'
OBJEXT='o'
OTOOL64=''
OTOOL=''
PACKAGE='tslib'
PACKAGE_BUGREPORT='kergoth@handhelds.org'
PACKAGE_DESCRIPTION='Touchscreen Access Library'
PACKAGE_NAME='tslib'
PACKAGE_STRING='tslib 1.1.0'
PACKAGE_TARNAME='tslib'
PACKAGE_URL=''
PACKAGE_VERSION='1.1.0'
PATH_SEPARATOR=':'
PLUGIN_DIR='${libdir}/ts'
RANLIB='arm-linux-ranlib'
SED='/bin/sed'
SET_MAKE=''
SHELL='/bin/bash'
STRIP='arm-linux-strip'
TS_CONF='${sysconfdir}/ts.conf'
TS_POINTERCAL='${sysconfdir}/pointercal'
VERSION='1.1.0'
VIS_CFLAGS='-fvisibility=hidden'
ac_ct_AR=''
ac_ct_CC=''
ac_ct_DUMPBIN=''
am__EXEEXT_FALSE=''
am__EXEEXT_TRUE='#'
am__fastdepCC_FALSE='#'
am__fastdepCC_TRUE=''
am__include='include'
am__isrc=''
am__leading_dot='.'
am__nodep='_no'
am__quote=''
am__tar='$${TAR-tar} chof - "$$tardir"'
am__untar='$${TAR-tar} xf -'
bindir='${exec_prefix}/bin'
build='x86_64-unknown-linux-gnu'
build_alias=''
build_cpu='x86_64'
build_os='linux-gnu'
build_vendor='unknown'
datadir='${datarootdir}'
datarootdir='${prefix}/share'
docdir='${datarootdir}/doc/${PACKAGE_TARNAME}'
dvidir='${docdir}'
exec_prefix='${prefix}'
host='arm-unknown-linux-gnu'
host_alias='arm-linux'
host_cpu='arm'
host_os='linux-gnu'
host_vendor='unknown'
htmldir='${docdir}'
includedir='${prefix}/include'
infodir='${datarootdir}/info'
install_sh='${SHELL} /home/schung/applications/tslib-1.1/install-sh'
libdir='${exec_prefix}/lib'
libexecdir='${exec_prefix}/libexec'
localedir='${datarootdir}/locale'
localstatedir='${prefix}/var'
mandir='${datarootdir}/man'
mkdir_p='/bin/mkdir -p'
oldincludedir='/usr/include'
pdfdir='${docdir}'
prefix='/usr/local'
program_transform_name='s,x,x,'
psdir='${docdir}'
sbindir='${exec_prefix}/sbin'
sharedstatedir='${prefix}/com'
sysconfdir='${prefix}/etc'
target_alias=''

## ----------- ##
## confdefs.h. ##
## ----------- ##

/* confdefs.h */
#define PACKAGE_NAME "tslib"
#define PACKAGE_TARNAME "tslib"
#define PACKAGE_VERSION "1.1.0"
#define PACKAGE_STRING "tslib 1.1.0"
#define PACKAGE_BUGREPORT "kergoth@handhelds.org"
#define PACKAGE_URL ""
#define PACKAGE "tslib"
#define VERSION "1.1.0"
#define STDC_HEADERS 1
#define HAVE_SYS_TYPES_H 1
#define HAVE_SYS_STAT_H 1
#define HAVE_STDLIB_H 1
#define HAVE_STRING_H 1
#define HAVE_MEMORY_H 1
#define HAVE_STRINGS_H 1
#define HAVE_INTTYPES_H 1
#define HAVE_STDINT_H 1
#define HAVE_UNISTD_H 1
#define HAVE_DLFCN_H 1
#define LT_OBJDIR ".libs/"
#define HAVE_LIBDL 1
#define HAVE_ALLOCA_H 1
#define HAVE_ALLOCA 1
#define STDC_HEADERS 1
#define HAVE_FCNTL_H 1
#define HAVE_LIMITS_H 1
#define HAVE_STDLIB_H 1
#define HAVE_STRING_H 1
#define HAVE_SYS_IOCTL_H 1
#define HAVE_SYS_TIME_H 1
#define HAVE_UNISTD_H 1
#define TIME_WITH_SYS_TIME 1
#define HAVE_STDLIB_H 1
#define HAVE_UNISTD_H 1
#define HAVE_SYS_PARAM_H 1
#define HAVE_GETPAGESIZE 1
#define HAVE_SYS_SELECT_H 1
#define HAVE_SYS_SOCKET_H 1
#define SELECT_TYPE_ARG1 int
#define SELECT_TYPE_ARG234 (fd_set *)
#define SELECT_TYPE_ARG5 (struct timeval *)
#define RETSIGTYPE void
#define HAVE_STAT_EMPTY_STRING_BUG 1
#define HAVE_VPRINTF 1
#define HAVE_GETTIMEOFDAY 1
#define HAVE_MEMMOVE 1
#define HAVE_MEMSET 1
#define HAVE_MUNMAP 1
#define HAVE_SELECT 1
#define HAVE_STRCASECMP 1
#define HAVE_STRCHR 1
#define HAVE_STRDUP 1
#define HAVE_STRTOUL 1

configure: exit 0

## ---------------------- ##
## Running config.status. ##
## ---------------------- ##

This file was extended by tslib config.status 1.1.0, which was
generated by GNU Autoconf 2.69.  Invocation command line was

  CONFIG_FILES    = 
  CONFIG_HEADERS  = 
  CONFIG_LINKS    = 
  CONFIG_COMMANDS = 
  $ ./config.status 

on debian

config.status:1195: creating Makefile
config.status:1195: creating etc/Makefile
config.status:1195: creating plugins/Makefile
config.status:1195: creating src/Makefile
config.status:1195: creating tests/Makefile
config.status:1195: creating tslib.pc
config.status:1195: creating tslib-1.0.pc
config.status:1195: creating config.h
config.status:1376: config.h is unchanged
config.status:1424: executing depfiles commands
config.status:1424: executing libtool commands
