This file contains any messages produced by compilers while
running configure, to aid debugging if configure makes a mistake.

It was created by libuuid configure 1.0.3, which was
generated by GNU Autoconf 2.69.  Invocation command line was

  $ ./configure --host=arm-linux --prefix=/home/schung/applications/install

## --------- ##
## Platform. ##
## --------- ##

hostname = debian
uname -m = x86_64
uname -r = 3.2.0-4-amd64
uname -s = Linux
uname -v = #1 SMP Debian 3.2.60-1+deb7u3

/usr/bin/uname -p = unknown
/bin/uname -X     = unknown

/bin/arch              = unknown
/usr/bin/arch -k       = unknown
/usr/convex/getsysinfo = unknown
/usr/bin/hostinfo      = unknown
/bin/machine           = unknown
/usr/bin/oslevel       = unknown
/bin/universe          = unknown

PATH: /usr/local/bin
PATH: /usr/bin
PATH: /bin
PATH: /usr/local/games
PATH: /usr/games
PATH: /usr/local/arm_linux_4.3.2/bin


## ----------- ##
## Core tests. ##
## ----------- ##

configure:2477: checking for a BSD-compatible install
configure:2545: result: /usr/bin/install -c
configure:2556: checking whether build environment is sane
configure:2606: result: yes
configure:2655: checking for arm-linux-strip
configure:2671: found /usr/local/arm_linux_4.3.2/bin/arm-linux-strip
configure:2682: result: arm-linux-strip
configure:2747: checking for a thread-safe mkdir -p
configure:2786: result: /bin/mkdir -p
configure:2799: checking for gawk
configure:2815: found /usr/bin/gawk
configure:2826: result: gawk
configure:2837: checking whether make sets $(MAKE)
configure:2859: result: yes
configure:2968: checking build system type
configure:2982: result: x86_64-unknown-linux-gnu
configure:3002: checking host system type
configure:3015: result: arm-unknown-linux-gnu
configure:3056: checking how to print strings
configure:3083: result: printf
configure:3116: checking for style of include used by make
configure:3144: result: GNU
configure:3175: checking for arm-linux-gcc
configure:3191: found /usr/local/arm_linux_4.3.2/bin/arm-linux-gcc
configure:3202: result: arm-linux-gcc
configure:3471: checking for C compiler version
configure:3480: arm-linux-gcc --version >&5
arm-linux-gcc (GCC) 4.3.2
Copyright (C) 2008 Free Software Foundation, Inc.
This is free software; see the source for copying conditions.  There is NO
warranty; not even for MERCHANTABILITY or FITNESS FOR A PARTICULAR PURPOSE.

configure:3491: $? = 0
configure:3480: arm-linux-gcc -v >&5
Using built-in specs.
Target: arm-none-linux-gnueabi
Configured with: ../../gcc-4.3/configure --prefix=/usr/local/arm_linux_4.3.2 --target=arm-none-linux-gnueabi --enable-languages=c,c++ --with-gnu-ld --with-gnu-as --disable-nls --with-float=soft --without-newlib --disable-libmudflap --disable-libssp --disable-libgomp --enable-shared --enable-static --disable-multilib
Thread model: posix
gcc version 4.3.2 (GCC) 
configure:3491: $? = 0
configure:3480: arm-linux-gcc -V >&5
arm-linux-gcc: '-V' option must have argument
configure:3491: $? = 1
configure:3480: arm-linux-gcc -qversion >&5
arm-linux-gcc: unrecognized option '-qversion'
arm-linux-gcc: no input files
configure:3491: $? = 1
configure:3511: checking whether the C compiler works
configure:3533: arm-linux-gcc    conftest.c  >&5
configure:3537: $? = 0
configure:3585: result: yes
configure:3588: checking for C compiler default output file name
configure:3590: result: a.out
configure:3596: checking for suffix of executables
configure:3603: arm-linux-gcc -o conftest    conftest.c  >&5
configure:3607: $? = 0
configure:3629: result: 
configure:3651: checking whether we are cross compiling
configure:3659: arm-linux-gcc -o conftest    conftest.c  >&5
configure:3663: $? = 0
configure:3670: ./conftest
./configure: line 3672: ./conftest: cannot execute binary file
configure:3674: $? = 126
configure:3689: result: yes
configure:3694: checking for suffix of object files
configure:3716: arm-linux-gcc -c   conftest.c >&5
configure:3720: $? = 0
configure:3741: result: o
configure:3745: checking whether we are using the GNU C compiler
configure:3764: arm-linux-gcc -c   conftest.c >&5
configure:3764: $? = 0
configure:3773: result: yes
configure:3782: checking whether arm-linux-gcc accepts -g
configure:3802: arm-linux-gcc -c -g  conftest.c >&5
configure:3802: $? = 0
configure:3843: result: yes
configure:3860: checking for arm-linux-gcc option to accept ISO C89
configure:3923: arm-linux-gcc  -c -g -O2  conftest.c >&5
configure:3923: $? = 0
configure:3936: result: none needed
configure:3958: checking dependency style of arm-linux-gcc
configure:4069: result: gcc3
configure:4084: checking for a sed that does not truncate output
configure:4148: result: /bin/sed
configure:4166: checking for grep that handles long lines and -e
configure:4224: result: /bin/grep
configure:4229: checking for egrep
configure:4291: result: /bin/grep -E
configure:4296: checking for fgrep
configure:4358: result: /bin/grep -F
configure:4393: checking for ld used by arm-linux-gcc
configure:4460: result: /usr/local/arm_linux_4.3.2/arm-none-linux-gnueabi/bin/ld
configure:4467: checking if the linker (/usr/local/arm_linux_4.3.2/arm-none-linux-gnueabi/bin/ld) is GNU ld
configure:4482: result: yes
configure:4494: checking for BSD- or MS-compatible name lister (nm)
configure:4543: result: /usr/local/arm_linux_4.3.2/bin/arm-linux-nm -B
configure:4673: checking the name lister (/usr/local/arm_linux_4.3.2/bin/arm-linux-nm -B) interface
configure:4680: arm-linux-gcc -c -g -O2  conftest.c >&5
configure:4683: /usr/local/arm_linux_4.3.2/bin/arm-linux-nm -B "conftest.o"
configure:4686: output
00000000 B some_variable
configure:4693: result: BSD nm
configure:4696: checking whether ln -s works
configure:4700: result: yes
configure:4708: checking the maximum length of command line arguments
configure:4838: result: 3458764513820540925
configure:4855: checking whether the shell understands some XSI constructs
configure:4865: result: yes
configure:4869: checking whether the shell understands "+="
configure:4875: result: yes
configure:4910: checking how to convert x86_64-unknown-linux-gnu file names to arm-unknown-linux-gnu format
configure:4950: result: func_convert_file_noop
configure:4957: checking how to convert x86_64-unknown-linux-gnu file names to toolchain format
configure:4977: result: func_convert_file_noop
configure:4984: checking for /usr/local/arm_linux_4.3.2/arm-none-linux-gnueabi/bin/ld option to reload object files
configure:4991: result: -r
configure:5025: checking for arm-linux-objdump
configure:5041: found /usr/local/arm_linux_4.3.2/bin/arm-linux-objdump
configure:5052: result: arm-linux-objdump
configure:5124: checking how to recognize dependent libraries
configure:5322: result: pass_all
configure:5367: checking for arm-linux-dlltool
configure:5397: result: no
configure:5407: checking for dlltool
configure:5437: result: no
configure:5467: checking how to associate runtime and link libraries
configure:5494: result: printf %s\n
configure:5511: checking for arm-linux-ar
configure:5527: found /usr/local/arm_linux_4.3.2/bin/arm-linux-ar
configure:5538: result: arm-linux-ar
configure:5619: checking for archiver @FILE support
configure:5636: arm-linux-gcc -c -g -O2  conftest.c >&5
configure:5636: $? = 0
configure:5639: arm-linux-ar cru libconftest.a @conftest.lst >&5
configure:5642: $? = 0
configure:5647: arm-linux-ar cru libconftest.a @conftest.lst >&5
arm-linux-ar: conftest.o: No such file or directory
configure:5650: $? = 1
configure:5662: result: @
configure:5680: checking for arm-linux-strip
configure:5707: result: arm-linux-strip
configure:5779: checking for arm-linux-ranlib
configure:5795: found /usr/local/arm_linux_4.3.2/bin/arm-linux-ranlib
configure:5806: result: arm-linux-ranlib
configure:5948: checking command to parse /usr/local/arm_linux_4.3.2/bin/arm-linux-nm -B output from arm-linux-gcc object
configure:6068: arm-linux-gcc -c -g -O2  conftest.c >&5
configure:6071: $? = 0
configure:6075: /usr/local/arm_linux_4.3.2/bin/arm-linux-nm -B conftest.o \| sed -n -e 's/^.*[ ]\([ABCDGIRSTW][ABCDGIRSTW]*\)[ ][ ]*\([_A-Za-z][_A-Za-z0-9]*\)$/\1 \2 \2/p' | sed '/ __gnu_lto/d' \> conftest.nm
configure:6078: $? = 0
configure:6144: arm-linux-gcc -o conftest -g -O2   conftest.c conftstm.o >&5
configure:6147: $? = 0
configure:6185: result: ok
configure:6222: checking for sysroot
configure:6252: result: no
configure:6468: checking for arm-linux-mt
configure:6498: result: no
configure:6508: checking for mt
configure:6524: found /bin/mt
configure:6535: result: mt
configure:6547: WARNING: using cross tools not prefixed with host triplet
configure:6558: checking if mt is a manifest tool
configure:6564: mt '-?'
configure:6572: result: no
configure:7214: checking how to run the C preprocessor
configure:7245: arm-linux-gcc -E  conftest.c
configure:7245: $? = 0
configure:7259: arm-linux-gcc -E  conftest.c
conftest.c:11:28: error: ac_nonexistent.h: No such file or directory
configure:7259: $? = 1
configure: failed program was:
| /* confdefs.h */
| #define PACKAGE_NAME "libuuid"
| #define PACKAGE_TARNAME "libuuid"
| #define PACKAGE_VERSION "1.0.3"
| #define PACKAGE_STRING "libuuid 1.0.3"
| #define PACKAGE_BUGREPORT "sloowfranklin@gmail.com"
| #define PACKAGE_URL ""
| #define PACKAGE "libuuid"
| #define VERSION "1.0.3"
| /* end confdefs.h.  */
| #include <ac_nonexistent.h>
configure:7284: result: arm-linux-gcc -E
configure:7304: arm-linux-gcc -E  conftest.c
configure:7304: $? = 0
configure:7318: arm-linux-gcc -E  conftest.c
conftest.c:11:28: error: ac_nonexistent.h: No such file or directory
configure:7318: $? = 1
configure: failed program was:
| /* confdefs.h */
| #define PACKAGE_NAME "libuuid"
| #define PACKAGE_TARNAME "libuuid"
| #define PACKAGE_VERSION "1.0.3"
| #define PACKAGE_STRING "libuuid 1.0.3"
| #define PACKAGE_BUGREPORT "sloowfranklin@gmail.com"
| #define PACKAGE_URL ""
| #define PACKAGE "libuuid"
| #define VERSION "1.0.3"
| /* end confdefs.h.  */
| #include <ac_nonexistent.h>
configure:7347: checking for ANSI C header files
configure:7367: arm-linux-gcc -c -g -O2  conftest.c >&5
configure:7367: $? = 0
configure:7451: result: yes
configure:7464: checking for sys/types.h
configure:7464: arm-linux-gcc -c -g -O2  conftest.c >&5
configure:7464: $? = 0
configure:7464: result: yes
configure:7464: checking for sys/stat.h
configure:7464: arm-linux-gcc -c -g -O2  conftest.c >&5
configure:7464: $? = 0
configure:7464: result: yes
configure:7464: checking for stdlib.h
configure:7464: arm-linux-gcc -c -g -O2  conftest.c >&5
configure:7464: $? = 0
configure:7464: result: yes
configure:7464: checking for string.h
configure:7464: arm-linux-gcc -c -g -O2  conftest.c >&5
configure:7464: $? = 0
configure:7464: result: yes
configure:7464: checking for memory.h
configure:7464: arm-linux-gcc -c -g -O2  conftest.c >&5
configure:7464: $? = 0
configure:7464: result: yes
configure:7464: checking for strings.h
configure:7464: arm-linux-gcc -c -g -O2  conftest.c >&5
configure:7464: $? = 0
configure:7464: result: yes
configure:7464: checking for inttypes.h
configure:7464: arm-linux-gcc -c -g -O2  conftest.c >&5
configure:7464: $? = 0
configure:7464: result: yes
configure:7464: checking for stdint.h
configure:7464: arm-linux-gcc -c -g -O2  conftest.c >&5
configure:7464: $? = 0
configure:7464: result: yes
configure:7464: checking for unistd.h
configure:7464: arm-linux-gcc -c -g -O2  conftest.c >&5
configure:7464: $? = 0
configure:7464: result: yes
configure:7478: checking for dlfcn.h
configure:7478: arm-linux-gcc -c -g -O2  conftest.c >&5
configure:7478: $? = 0
configure:7478: result: yes
configure:7684: checking for objdir
configure:7699: result: .libs
configure:7966: checking if arm-linux-gcc supports -fno-rtti -fno-exceptions
configure:7984: arm-linux-gcc -c -g -O2  -fno-rtti -fno-exceptions conftest.c >&5
cc1: warning: command line option "-fno-rtti" is valid for C++/ObjC++ but not for C
configure:7988: $? = 0
configure:8001: result: no
configure:8328: checking for arm-linux-gcc option to produce PIC
configure:8335: result: -fPIC -DPIC
configure:8343: checking if arm-linux-gcc PIC flag -fPIC -DPIC works
configure:8361: arm-linux-gcc -c -g -O2  -fPIC -DPIC -DPIC conftest.c >&5
configure:8365: $? = 0
configure:8378: result: yes
configure:8407: checking if arm-linux-gcc static flag -static works
configure:8435: result: yes
configure:8450: checking if arm-linux-gcc supports -c -o file.o
configure:8471: arm-linux-gcc -c -g -O2  -o out/conftest2.o conftest.c >&5
configure:8475: $? = 0
configure:8497: result: yes
configure:8505: checking if arm-linux-gcc supports -c -o file.o
configure:8552: result: yes
configure:8585: checking whether the arm-linux-gcc linker (/usr/local/arm_linux_4.3.2/arm-none-linux-gnueabi/bin/ld) supports shared libraries
configure:9742: result: yes
configure:9779: checking whether -lc should be explicitly linked in
configure:9787: arm-linux-gcc -c -g -O2  conftest.c >&5
configure:9790: $? = 0
configure:9805: arm-linux-gcc -shared  -fPIC -DPIC conftest.o  -v -Wl,-soname -Wl,conftest -o conftest 2\>\&1 \| /bin/grep  -lc  \>/dev/null 2\>\&1
configure:9808: $? = 0
configure:9822: result: no
configure:9982: checking dynamic linker characteristics
configure:10482: arm-linux-gcc -o conftest -g -O2   -Wl,-rpath -Wl,/foo conftest.c  >&5
configure:10482: $? = 0
configure:10716: result: GNU/Linux ld.so
configure:10823: checking how to hardcode library paths into programs
configure:10848: result: immediate
configure:11388: checking whether stripping libraries is possible
configure:11393: result: yes
configure:11428: checking if libtool supports shared libraries
configure:11430: result: yes
configure:11433: checking whether to build shared libraries
configure:11454: result: yes
configure:11457: checking whether to build static libraries
configure:11461: result: yes
configure:11508: checking for arm-linux-gcc
configure:11535: result: arm-linux-gcc
configure:11804: checking for C compiler version
configure:11813: arm-linux-gcc --version >&5
arm-linux-gcc (GCC) 4.3.2
Copyright (C) 2008 Free Software Foundation, Inc.
This is free software; see the source for copying conditions.  There is NO
warranty; not even for MERCHANTABILITY or FITNESS FOR A PARTICULAR PURPOSE.

configure:11824: $? = 0
configure:11813: arm-linux-gcc -v >&5
Using built-in specs.
Target: arm-none-linux-gnueabi
Configured with: ../../gcc-4.3/configure --prefix=/usr/local/arm_linux_4.3.2 --target=arm-none-linux-gnueabi --enable-languages=c,c++ --with-gnu-ld --with-gnu-as --disable-nls --with-float=soft --without-newlib --disable-libmudflap --disable-libssp --disable-libgomp --enable-shared --enable-static --disable-multilib
Thread model: posix
gcc version 4.3.2 (GCC) 
configure:11824: $? = 0
configure:11813: arm-linux-gcc -V >&5
arm-linux-gcc: '-V' option must have argument
configure:11824: $? = 1
configure:11813: arm-linux-gcc -qversion >&5
arm-linux-gcc: unrecognized option '-qversion'
arm-linux-gcc: no input files
configure:11824: $? = 1
configure:11828: checking whether we are using the GNU C compiler
configure:11856: result: yes
configure:11865: checking whether arm-linux-gcc accepts -g
configure:11926: result: yes
configure:11943: checking for arm-linux-gcc option to accept ISO C89
configure:12019: result: none needed
configure:12041: checking dependency style of arm-linux-gcc
configure:12152: result: gcc3
configure:12171: checking for library containing socket
configure:12202: arm-linux-gcc -o conftest -g -O2   conftest.c  >&5
configure:12202: $? = 0
configure:12219: result: none required
configure:12235: checking fcntl.h usability
configure:12235: arm-linux-gcc -c -g -O2  conftest.c >&5
configure:12235: $? = 0
configure:12235: result: yes
configure:12235: checking fcntl.h presence
configure:12235: arm-linux-gcc -E  conftest.c
configure:12235: $? = 0
configure:12235: result: yes
configure:12235: checking for fcntl.h
configure:12235: result: yes
configure:12235: checking for inttypes.h
configure:12235: result: yes
configure:12235: checking limits.h usability
configure:12235: arm-linux-gcc -c -g -O2  conftest.c >&5
configure:12235: $? = 0
configure:12235: result: yes
configure:12235: checking limits.h presence
configure:12235: arm-linux-gcc -E  conftest.c
configure:12235: $? = 0
configure:12235: result: yes
configure:12235: checking for limits.h
configure:12235: result: yes
configure:12235: checking netinet/in.h usability
configure:12235: arm-linux-gcc -c -g -O2  conftest.c >&5
configure:12235: $? = 0
configure:12235: result: yes
configure:12235: checking netinet/in.h presence
configure:12235: arm-linux-gcc -E  conftest.c
configure:12235: $? = 0
configure:12235: result: yes
configure:12235: checking for netinet/in.h
configure:12235: result: yes
configure:12235: checking for stdlib.h
configure:12235: result: yes
configure:12235: checking for string.h
configure:12235: result: yes
configure:12235: checking sys/file.h usability
configure:12235: arm-linux-gcc -c -g -O2  conftest.c >&5
configure:12235: $? = 0
configure:12235: result: yes
configure:12235: checking sys/file.h presence
configure:12235: arm-linux-gcc -E  conftest.c
configure:12235: $? = 0
configure:12235: result: yes
configure:12235: checking for sys/file.h
configure:12235: result: yes
configure:12235: checking sys/ioctl.h usability
configure:12235: arm-linux-gcc -c -g -O2  conftest.c >&5
configure:12235: $? = 0
configure:12235: result: yes
configure:12235: checking sys/ioctl.h presence
configure:12235: arm-linux-gcc -E  conftest.c
configure:12235: $? = 0
configure:12235: result: yes
configure:12235: checking for sys/ioctl.h
configure:12235: result: yes
configure:12235: checking sys/socket.h usability
configure:12235: arm-linux-gcc -c -g -O2  conftest.c >&5
configure:12235: $? = 0
configure:12235: result: yes
configure:12235: checking sys/socket.h presence
configure:12235: arm-linux-gcc -E  conftest.c
configure:12235: $? = 0
configure:12235: result: yes
configure:12235: checking for sys/socket.h
configure:12235: result: yes
configure:12235: checking sys/time.h usability
configure:12235: arm-linux-gcc -c -g -O2  conftest.c >&5
configure:12235: $? = 0
configure:12235: result: yes
configure:12235: checking sys/time.h presence
configure:12235: arm-linux-gcc -E  conftest.c
configure:12235: $? = 0
configure:12235: result: yes
configure:12235: checking for sys/time.h
configure:12235: result: yes
configure:12235: checking for unistd.h
configure:12235: result: yes
configure:12245: checking whether _SC_HOST_NAME_MAX is declared
configure:12245: arm-linux-gcc -c -g -O2  conftest.c >&5
configure:12245: $? = 0
configure:12245: result: yes
configure:12258: checking for int32_t
configure:12258: arm-linux-gcc -c -g -O2  conftest.c >&5
configure:12258: $? = 0
configure:12258: arm-linux-gcc -c -g -O2  conftest.c >&5
conftest.c: In function 'main':
conftest.c:73: warning: integer overflow in expression
conftest.c:73: error: size of array 'test_array' is negative
configure:12258: $? = 1
configure: failed program was:
| /* confdefs.h */
| #define PACKAGE_NAME "libuuid"
| #define PACKAGE_TARNAME "libuuid"
| #define PACKAGE_VERSION "1.0.3"
| #define PACKAGE_STRING "libuuid 1.0.3"
| #define PACKAGE_BUGREPORT "sloowfranklin@gmail.com"
| #define PACKAGE_URL ""
| #define PACKAGE "libuuid"
| #define VERSION "1.0.3"
| #define STDC_HEADERS 1
| #define HAVE_SYS_TYPES_H 1
| #define HAVE_SYS_STAT_H 1
| #define HAVE_STDLIB_H 1
| #define HAVE_STRING_H 1
| #define HAVE_MEMORY_H 1
| #define HAVE_STRINGS_H 1
| #define HAVE_INTTYPES_H 1
| #define HAVE_STDINT_H 1
| #define HAVE_UNISTD_H 1
| #define HAVE_DLFCN_H 1
| #define LT_OBJDIR ".libs/"
| #define HAVE_FCNTL_H 1
| #define HAVE_INTTYPES_H 1
| #define HAVE_LIMITS_H 1
| #define HAVE_NETINET_IN_H 1
| #define HAVE_STDLIB_H 1
| #define HAVE_STRING_H 1
| #define HAVE_SYS_FILE_H 1
| #define HAVE_SYS_IOCTL_H 1
| #define HAVE_SYS_SOCKET_H 1
| #define HAVE_SYS_TIME_H 1
| #define HAVE_UNISTD_H 1
| #define HAVE_DECL__SC_HOST_NAME_MAX 1
| /* end confdefs.h.  */
| #include <stdio.h>
| #ifdef HAVE_SYS_TYPES_H
| # include <sys/types.h>
| #endif
| #ifdef HAVE_SYS_STAT_H
| # include <sys/stat.h>
| #endif
| #ifdef STDC_HEADERS
| # include <stdlib.h>
| # include <stddef.h>
| #else
| # ifdef HAVE_STDLIB_H
| #  include <stdlib.h>
| # endif
| #endif
| #ifdef HAVE_STRING_H
| # if !defined STDC_HEADERS && defined HAVE_MEMORY_H
| #  include <memory.h>
| # endif
| # include <string.h>
| #endif
| #ifdef HAVE_STRINGS_H
| # include <strings.h>
| #endif
| #ifdef HAVE_INTTYPES_H
| # include <inttypes.h>
| #endif
| #ifdef HAVE_STDINT_H
| # include <stdint.h>
| #endif
| #ifdef HAVE_UNISTD_H
| # include <unistd.h>
| #endif
| 	        enum { N = 32 / 2 - 1 };
| int
| main ()
| {
| static int test_array [1 - 2 * !((int32_t) (((((int32_t) 1 << N) << N) - 1) * 2 + 1)
| 		 < (int32_t) (((((int32_t) 1 << N) << N) - 1) * 2 + 2))];
| test_array [0] = 0;
| return test_array [0];
| 
|   ;
|   return 0;
| }
configure:12258: result: yes
configure:12269: checking for mode_t
configure:12269: arm-linux-gcc -c -g -O2  conftest.c >&5
configure:12269: $? = 0
configure:12269: arm-linux-gcc -c -g -O2  conftest.c >&5
conftest.c: In function 'main':
conftest.c:71: error: expected expression before ')' token
configure:12269: $? = 1
configure: failed program was:
| /* confdefs.h */
| #define PACKAGE_NAME "libuuid"
| #define PACKAGE_TARNAME "libuuid"
| #define PACKAGE_VERSION "1.0.3"
| #define PACKAGE_STRING "libuuid 1.0.3"
| #define PACKAGE_BUGREPORT "sloowfranklin@gmail.com"
| #define PACKAGE_URL ""
| #define PACKAGE "libuuid"
| #define VERSION "1.0.3"
| #define STDC_HEADERS 1
| #define HAVE_SYS_TYPES_H 1
| #define HAVE_SYS_STAT_H 1
| #define HAVE_STDLIB_H 1
| #define HAVE_STRING_H 1
| #define HAVE_MEMORY_H 1
| #define HAVE_STRINGS_H 1
| #define HAVE_INTTYPES_H 1
| #define HAVE_STDINT_H 1
| #define HAVE_UNISTD_H 1
| #define HAVE_DLFCN_H 1
| #define LT_OBJDIR ".libs/"
| #define HAVE_FCNTL_H 1
| #define HAVE_INTTYPES_H 1
| #define HAVE_LIMITS_H 1
| #define HAVE_NETINET_IN_H 1
| #define HAVE_STDLIB_H 1
| #define HAVE_STRING_H 1
| #define HAVE_SYS_FILE_H 1
| #define HAVE_SYS_IOCTL_H 1
| #define HAVE_SYS_SOCKET_H 1
| #define HAVE_SYS_TIME_H 1
| #define HAVE_UNISTD_H 1
| #define HAVE_DECL__SC_HOST_NAME_MAX 1
| /* end confdefs.h.  */
| #include <stdio.h>
| #ifdef HAVE_SYS_TYPES_H
| # include <sys/types.h>
| #endif
| #ifdef HAVE_SYS_STAT_H
| # include <sys/stat.h>
| #endif
| #ifdef STDC_HEADERS
| # include <stdlib.h>
| # include <stddef.h>
| #else
| # ifdef HAVE_STDLIB_H
| #  include <stdlib.h>
| # endif
| #endif
| #ifdef HAVE_STRING_H
| # if !defined STDC_HEADERS && defined HAVE_MEMORY_H
| #  include <memory.h>
| # endif
| # include <string.h>
| #endif
| #ifdef HAVE_STRINGS_H
| # include <strings.h>
| #endif
| #ifdef HAVE_INTTYPES_H
| # include <inttypes.h>
| #endif
| #ifdef HAVE_STDINT_H
| # include <stdint.h>
| #endif
| #ifdef HAVE_UNISTD_H
| # include <unistd.h>
| #endif
| int
| main ()
| {
| if (sizeof ((mode_t)))
| 	    return 0;
|   ;
|   return 0;
| }
configure:12269: result: yes
configure:12280: checking for size_t
configure:12280: arm-linux-gcc -c -g -O2  conftest.c >&5
configure:12280: $? = 0
configure:12280: arm-linux-gcc -c -g -O2  conftest.c >&5
conftest.c: In function 'main':
conftest.c:71: error: expected expression before ')' token
configure:12280: $? = 1
configure: failed program was:
| /* confdefs.h */
| #define PACKAGE_NAME "libuuid"
| #define PACKAGE_TARNAME "libuuid"
| #define PACKAGE_VERSION "1.0.3"
| #define PACKAGE_STRING "libuuid 1.0.3"
| #define PACKAGE_BUGREPORT "sloowfranklin@gmail.com"
| #define PACKAGE_URL ""
| #define PACKAGE "libuuid"
| #define VERSION "1.0.3"
| #define STDC_HEADERS 1
| #define HAVE_SYS_TYPES_H 1
| #define HAVE_SYS_STAT_H 1
| #define HAVE_STDLIB_H 1
| #define HAVE_STRING_H 1
| #define HAVE_MEMORY_H 1
| #define HAVE_STRINGS_H 1
| #define HAVE_INTTYPES_H 1
| #define HAVE_STDINT_H 1
| #define HAVE_UNISTD_H 1
| #define HAVE_DLFCN_H 1
| #define LT_OBJDIR ".libs/"
| #define HAVE_FCNTL_H 1
| #define HAVE_INTTYPES_H 1
| #define HAVE_LIMITS_H 1
| #define HAVE_NETINET_IN_H 1
| #define HAVE_STDLIB_H 1
| #define HAVE_STRING_H 1
| #define HAVE_SYS_FILE_H 1
| #define HAVE_SYS_IOCTL_H 1
| #define HAVE_SYS_SOCKET_H 1
| #define HAVE_SYS_TIME_H 1
| #define HAVE_UNISTD_H 1
| #define HAVE_DECL__SC_HOST_NAME_MAX 1
| /* end confdefs.h.  */
| #include <stdio.h>
| #ifdef HAVE_SYS_TYPES_H
| # include <sys/types.h>
| #endif
| #ifdef HAVE_SYS_STAT_H
| # include <sys/stat.h>
| #endif
| #ifdef STDC_HEADERS
| # include <stdlib.h>
| # include <stddef.h>
| #else
| # ifdef HAVE_STDLIB_H
| #  include <stdlib.h>
| # endif
| #endif
| #ifdef HAVE_STRING_H
| # if !defined STDC_HEADERS && defined HAVE_MEMORY_H
| #  include <memory.h>
| # endif
| # include <string.h>
| #endif
| #ifdef HAVE_STRINGS_H
| # include <strings.h>
| #endif
| #ifdef HAVE_INTTYPES_H
| # include <inttypes.h>
| #endif
| #ifdef HAVE_STDINT_H
| # include <stdint.h>
| #endif
| #ifdef HAVE_UNISTD_H
| # include <unistd.h>
| #endif
| int
| main ()
| {
| if (sizeof ((size_t)))
| 	    return 0;
|   ;
|   return 0;
| }
configure:12280: result: yes
configure:12291: checking for ssize_t
configure:12291: arm-linux-gcc -c -g -O2  conftest.c >&5
configure:12291: $? = 0
configure:12291: arm-linux-gcc -c -g -O2  conftest.c >&5
conftest.c: In function 'main':
conftest.c:71: error: expected expression before ')' token
configure:12291: $? = 1
configure: failed program was:
| /* confdefs.h */
| #define PACKAGE_NAME "libuuid"
| #define PACKAGE_TARNAME "libuuid"
| #define PACKAGE_VERSION "1.0.3"
| #define PACKAGE_STRING "libuuid 1.0.3"
| #define PACKAGE_BUGREPORT "sloowfranklin@gmail.com"
| #define PACKAGE_URL ""
| #define PACKAGE "libuuid"
| #define VERSION "1.0.3"
| #define STDC_HEADERS 1
| #define HAVE_SYS_TYPES_H 1
| #define HAVE_SYS_STAT_H 1
| #define HAVE_STDLIB_H 1
| #define HAVE_STRING_H 1
| #define HAVE_MEMORY_H 1
| #define HAVE_STRINGS_H 1
| #define HAVE_INTTYPES_H 1
| #define HAVE_STDINT_H 1
| #define HAVE_UNISTD_H 1
| #define HAVE_DLFCN_H 1
| #define LT_OBJDIR ".libs/"
| #define HAVE_FCNTL_H 1
| #define HAVE_INTTYPES_H 1
| #define HAVE_LIMITS_H 1
| #define HAVE_NETINET_IN_H 1
| #define HAVE_STDLIB_H 1
| #define HAVE_STRING_H 1
| #define HAVE_SYS_FILE_H 1
| #define HAVE_SYS_IOCTL_H 1
| #define HAVE_SYS_SOCKET_H 1
| #define HAVE_SYS_TIME_H 1
| #define HAVE_UNISTD_H 1
| #define HAVE_DECL__SC_HOST_NAME_MAX 1
| /* end confdefs.h.  */
| #include <stdio.h>
| #ifdef HAVE_SYS_TYPES_H
| # include <sys/types.h>
| #endif
| #ifdef HAVE_SYS_STAT_H
| # include <sys/stat.h>
| #endif
| #ifdef STDC_HEADERS
| # include <stdlib.h>
| # include <stddef.h>
| #else
| # ifdef HAVE_STDLIB_H
| #  include <stdlib.h>
| # endif
| #endif
| #ifdef HAVE_STRING_H
| # if !defined STDC_HEADERS && defined HAVE_MEMORY_H
| #  include <memory.h>
| # endif
| # include <string.h>
| #endif
| #ifdef HAVE_STRINGS_H
| # include <strings.h>
| #endif
| #ifdef HAVE_INTTYPES_H
| # include <inttypes.h>
| #endif
| #ifdef HAVE_STDINT_H
| # include <stdint.h>
| #endif
| #ifdef HAVE_UNISTD_H
| # include <unistd.h>
| #endif
| int
| main ()
| {
| if (sizeof ((ssize_t)))
| 	    return 0;
|   ;
|   return 0;
| }
configure:12291: result: yes
configure:12302: checking for uint16_t
configure:12302: arm-linux-gcc -c -g -O2  conftest.c >&5
configure:12302: $? = 0
configure:12302: result: yes
configure:12314: checking for uint32_t
configure:12314: arm-linux-gcc -c -g -O2  conftest.c >&5
configure:12314: $? = 0
configure:12314: result: yes
configure:12328: checking for uint64_t
configure:12328: arm-linux-gcc -c -g -O2  conftest.c >&5
configure:12328: $? = 0
configure:12328: result: yes
configure:12342: checking for uint8_t
configure:12342: arm-linux-gcc -c -g -O2  conftest.c >&5
configure:12342: $? = 0
configure:12342: result: yes
configure:12361: checking for ftruncate
configure:12361: arm-linux-gcc -o conftest -g -O2   conftest.c  >&5
configure:12361: $? = 0
configure:12361: result: yes
configure:12361: checking for gettimeofday
configure:12361: arm-linux-gcc -o conftest -g -O2   conftest.c  >&5
configure:12361: $? = 0
configure:12361: result: yes
configure:12361: checking for memset
configure:12361: arm-linux-gcc -o conftest -g -O2   conftest.c  >&5
conftest.c:60: warning: conflicting types for built-in function 'memset'
configure:12361: $? = 0
configure:12361: result: yes
configure:12361: checking for socket
configure:12361: arm-linux-gcc -o conftest -g -O2   conftest.c  >&5
configure:12361: $? = 0
configure:12361: result: yes
configure:12361: checking for strtoul
configure:12361: arm-linux-gcc -o conftest -g -O2   conftest.c  >&5
configure:12361: $? = 0
configure:12361: result: yes
configure:12361: checking for usleep
configure:12361: arm-linux-gcc -o conftest -g -O2   conftest.c  >&5
configure:12361: $? = 0
configure:12361: result: yes
configure:12361: checking for srandom
configure:12361: arm-linux-gcc -o conftest -g -O2   conftest.c  >&5
configure:12361: $? = 0
configure:12361: result: yes
configure:12519: creating ./config.status

## ---------------------- ##
## Running config.status. ##
## ---------------------- ##

This file was extended by libuuid config.status 1.0.3, which was
generated by GNU Autoconf 2.69.  Invocation command line was

  CONFIG_FILES    = 
  CONFIG_HEADERS  = 
  CONFIG_LINKS    = 
  CONFIG_COMMANDS = 
  $ ./config.status 

on debian

config.status:1099: creating Makefile
config.status:1099: creating uuid.pc
config.status:1099: creating config.h
config.status:1280: config.h is unchanged
config.status:1328: executing depfiles commands
config.status:1328: executing libtool commands

## ---------------- ##
## Cache variables. ##
## ---------------- ##

ac_cv_build=x86_64-unknown-linux-gnu
ac_cv_c_compiler_gnu=yes
ac_cv_c_int32_t=yes
ac_cv_c_uint16_t=yes
ac_cv_c_uint32_t=yes
ac_cv_c_uint64_t=yes
ac_cv_c_uint8_t=yes
ac_cv_env_CC_set=
ac_cv_env_CC_value=
ac_cv_env_CFLAGS_set=
ac_cv_env_CFLAGS_value=
ac_cv_env_CPPFLAGS_set=
ac_cv_env_CPPFLAGS_value=
ac_cv_env_CPP_set=
ac_cv_env_CPP_value=
ac_cv_env_LDFLAGS_set=
ac_cv_env_LDFLAGS_value=
ac_cv_env_LIBS_set=
ac_cv_env_LIBS_value=
ac_cv_env_build_alias_set=
ac_cv_env_build_alias_value=
ac_cv_env_host_alias_set=set
ac_cv_env_host_alias_value=arm-linux
ac_cv_env_target_alias_set=
ac_cv_env_target_alias_value=
ac_cv_func_ftruncate=yes
ac_cv_func_gettimeofday=yes
ac_cv_func_memset=yes
ac_cv_func_socket=yes
ac_cv_func_srandom=yes
ac_cv_func_strtoul=yes
ac_cv_func_usleep=yes
ac_cv_have_decl__SC_HOST_NAME_MAX=yes
ac_cv_header_dlfcn_h=yes
ac_cv_header_fcntl_h=yes
ac_cv_header_inttypes_h=yes
ac_cv_header_limits_h=yes
ac_cv_header_memory_h=yes
ac_cv_header_netinet_in_h=yes
ac_cv_header_stdc=yes
ac_cv_header_stdint_h=yes
ac_cv_header_stdlib_h=yes
ac_cv_header_string_h=yes
ac_cv_header_strings_h=yes
ac_cv_header_sys_file_h=yes
ac_cv_header_sys_ioctl_h=yes
ac_cv_header_sys_socket_h=yes
ac_cv_header_sys_stat_h=yes
ac_cv_header_sys_time_h=yes
ac_cv_header_sys_types_h=yes
ac_cv_header_unistd_h=yes
ac_cv_host=arm-unknown-linux-gnu
ac_cv_objext=o
ac_cv_path_EGREP='/bin/grep -E'
ac_cv_path_FGREP='/bin/grep -F'
ac_cv_path_GREP=/bin/grep
ac_cv_path_SED=/bin/sed
ac_cv_path_install='/usr/bin/install -c'
ac_cv_path_mkdir=/bin/mkdir
ac_cv_prog_AR=arm-linux-ar
ac_cv_prog_AWK=gawk
ac_cv_prog_CC=arm-linux-gcc
ac_cv_prog_CPP='arm-linux-gcc -E'
ac_cv_prog_OBJDUMP=arm-linux-objdump
ac_cv_prog_RANLIB=arm-linux-ranlib
ac_cv_prog_STRIP=arm-linux-strip
ac_cv_prog_ac_ct_MANIFEST_TOOL=mt
ac_cv_prog_cc_c89=
ac_cv_prog_cc_g=yes
ac_cv_prog_make_make_set=yes
ac_cv_search_socket='none required'
ac_cv_type_mode_t=yes
ac_cv_type_size_t=yes
ac_cv_type_ssize_t=yes
am_cv_CC_dependencies_compiler_type=gcc3
lt_cv_ar_at_file=@
lt_cv_archive_cmds_need_lc=no
lt_cv_deplibs_check_method=pass_all
lt_cv_file_magic_cmd='$MAGIC_CMD'
lt_cv_file_magic_test_file=
lt_cv_ld_reload_flag=-r
lt_cv_nm_interface='BSD nm'
lt_cv_objdir=.libs
lt_cv_path_LD=/usr/local/arm_linux_4.3.2/arm-none-linux-gnueabi/bin/ld
lt_cv_path_NM='/usr/local/arm_linux_4.3.2/bin/arm-linux-nm -B'
lt_cv_path_mainfest_tool=no
lt_cv_prog_compiler_c_o=yes
lt_cv_prog_compiler_pic='-fPIC -DPIC'
lt_cv_prog_compiler_pic_works=yes
lt_cv_prog_compiler_rtti_exceptions=no
lt_cv_prog_compiler_static_works=yes
lt_cv_prog_gnu_ld=yes
lt_cv_sharedlib_from_linklib_cmd='printf %s\n'
lt_cv_shlibpath_overrides_runpath=no
lt_cv_sys_global_symbol_pipe='sed -n -e '\''s/^.*[	 ]\([ABCDGIRSTW][ABCDGIRSTW]*\)[	 ][	 ]*\([_A-Za-z][_A-Za-z0-9]*\)$/\1 \2 \2/p'\'' | sed '\''/ __gnu_lto/d'\'''
lt_cv_sys_global_symbol_to_c_name_address='sed -n -e '\''s/^: \([^ ]*\)[ ]*$/  {\"\1\", (void *) 0},/p'\'' -e '\''s/^[ABCDGIRSTW]* \([^ ]*\) \([^ ]*\)$/  {"\2", (void *) \&\2},/p'\'''
lt_cv_sys_global_symbol_to_c_name_address_lib_prefix='sed -n -e '\''s/^: \([^ ]*\)[ ]*$/  {\"\1\", (void *) 0},/p'\'' -e '\''s/^[ABCDGIRSTW]* \([^ ]*\) \(lib[^ ]*\)$/  {"\2", (void *) \&\2},/p'\'' -e '\''s/^[ABCDGIRSTW]* \([^ ]*\) \([^ ]*\)$/  {"lib\2", (void *) \&\2},/p'\'''
lt_cv_sys_global_symbol_to_cdecl='sed -n -e '\''s/^T .* \(.*\)$/extern int \1();/p'\'' -e '\''s/^[ABCDGIRSTW]* .* \(.*\)$/extern char \1;/p'\'''
lt_cv_sys_max_cmd_len=3458764513820540925
lt_cv_to_host_file_cmd=func_convert_file_noop
lt_cv_to_tool_file_cmd=func_convert_file_noop

## ----------------- ##
## Output variables. ##
## ----------------- ##

ACLOCAL='${SHELL} /home/schung/applications/libuuid-1.0.3/missing --run aclocal-1.11'
AMDEPBACKSLASH='\'
AMDEP_FALSE='#'
AMDEP_TRUE=''
AMTAR='$${TAR-tar}'
AR='arm-linux-ar'
AUTOCONF='${SHELL} /home/schung/applications/libuuid-1.0.3/missing --run autoconf'
AUTOHEADER='${SHELL} /home/schung/applications/libuuid-1.0.3/missing --run autoheader'
AUTOMAKE='${SHELL} /home/schung/applications/libuuid-1.0.3/missing --run automake-1.11'
AWK='gawk'
CC='arm-linux-gcc'
CCDEPMODE='depmode=gcc3'
CFLAGS='-g -O2'
CPP='arm-linux-gcc -E'
CPPFLAGS=''
CYGPATH_W='echo'
DEFS='-DHAVE_CONFIG_H'
DEPDIR='.deps'
DLLTOOL='false'
DSYMUTIL=''
DUMPBIN=''
ECHO_C=''
ECHO_N='-n'
ECHO_T=''
EGREP='/bin/grep -E'
EXEEXT=''
FGREP='/bin/grep -F'
GREP='/bin/grep'
INSTALL_DATA='${INSTALL} -m 644'
INSTALL_PROGRAM='${INSTALL}'
INSTALL_SCRIPT='${INSTALL}'
INSTALL_STRIP_PROGRAM='$(install_sh) -c -s'
LD='/usr/local/arm_linux_4.3.2/arm-none-linux-gnueabi/bin/ld'
LDFLAGS=''
LIBOBJS=''
LIBS=''
LIBTOOL='$(SHELL) $(top_builddir)/libtool'
LIBUUID_VERSION='1.0.3'
LIBUUID_VERSION_INFO='1:0:0'
LIPO=''
LN_S='ln -s'
LTLIBOBJS=''
MAKEINFO='${SHELL} /home/schung/applications/libuuid-1.0.3/missing --run makeinfo'
MANIFEST_TOOL=':'
MKDIR_P='/bin/mkdir -p'
NM='/usr/local/arm_linux_4.3.2/bin/arm-linux-nm -B'
NMEDIT=''
OBJDUMP='arm-linux-objdump'
OBJEXT='o'
OTOOL64=''
OTOOL=''
PACKAGE='libuuid'
PACKAGE_BUGREPORT='sloowfranklin@gmail.com'
PACKAGE_NAME='libuuid'
PACKAGE_STRING='libuuid 1.0.3'
PACKAGE_TARNAME='libuuid'
PACKAGE_URL=''
PACKAGE_VERSION='1.0.3'
PATH_SEPARATOR=':'
RANLIB='arm-linux-ranlib'
SED='/bin/sed'
SET_MAKE=''
SHELL='/bin/bash'
SOCKET_LIBS=''
STRIP='arm-linux-strip'
VERSION='1.0.3'
ac_ct_AR=''
ac_ct_CC=''
ac_ct_DUMPBIN=''
am__EXEEXT_FALSE=''
am__EXEEXT_TRUE='#'
am__fastdepCC_FALSE='#'
am__fastdepCC_TRUE=''
am__include='include'
am__isrc=''
am__leading_dot='.'
am__nodep='_no'
am__quote=''
am__tar='$${TAR-tar} chof - "$$tardir"'
am__untar='$${TAR-tar} xf -'
bindir='${exec_prefix}/bin'
build='x86_64-unknown-linux-gnu'
build_alias=''
build_cpu='x86_64'
build_os='linux-gnu'
build_vendor='unknown'
datadir='${datarootdir}'
datarootdir='${prefix}/share'
docdir='${datarootdir}/doc/${PACKAGE_TARNAME}'
dvidir='${docdir}'
exec_prefix='${prefix}'
host='arm-unknown-linux-gnu'
host_alias='arm-linux'
host_cpu='arm'
host_os='linux-gnu'
host_vendor='unknown'
htmldir='${docdir}'
includedir='${prefix}/include'
infodir='${datarootdir}/info'
install_sh='${SHELL} /home/schung/applications/libuuid-1.0.3/install-sh'
libdir='${exec_prefix}/lib'
libexecdir='${exec_prefix}/libexec'
localedir='${datarootdir}/locale'
localstatedir='${prefix}/var'
mandir='${datarootdir}/man'
mkdir_p='/bin/mkdir -p'
oldincludedir='/usr/include'
pdfdir='${docdir}'
prefix='/home/schung/applications/install'
program_transform_name='s,x,x,'
psdir='${docdir}'
sbindir='${exec_prefix}/sbin'
sharedstatedir='${prefix}/com'
sysconfdir='${prefix}/etc'
target_alias=''

## ----------- ##
## confdefs.h. ##
## ----------- ##

/* confdefs.h */
#define PACKAGE_NAME "libuuid"
#define PACKAGE_TARNAME "libuuid"
#define PACKAGE_VERSION "1.0.3"
#define PACKAGE_STRING "libuuid 1.0.3"
#define PACKAGE_BUGREPORT "sloowfranklin@gmail.com"
#define PACKAGE_URL ""
#define PACKAGE "libuuid"
#define VERSION "1.0.3"
#define STDC_HEADERS 1
#define HAVE_SYS_TYPES_H 1
#define HAVE_SYS_STAT_H 1
#define HAVE_STDLIB_H 1
#define HAVE_STRING_H 1
#define HAVE_MEMORY_H 1
#define HAVE_STRINGS_H 1
#define HAVE_INTTYPES_H 1
#define HAVE_STDINT_H 1
#define HAVE_UNISTD_H 1
#define HAVE_DLFCN_H 1
#define LT_OBJDIR ".libs/"
#define HAVE_FCNTL_H 1
#define HAVE_INTTYPES_H 1
#define HAVE_LIMITS_H 1
#define HAVE_NETINET_IN_H 1
#define HAVE_STDLIB_H 1
#define HAVE_STRING_H 1
#define HAVE_SYS_FILE_H 1
#define HAVE_SYS_IOCTL_H 1
#define HAVE_SYS_SOCKET_H 1
#define HAVE_SYS_TIME_H 1
#define HAVE_UNISTD_H 1
#define HAVE_DECL__SC_HOST_NAME_MAX 1
#define HAVE_FTRUNCATE 1
#define HAVE_GETTIMEOFDAY 1
#define HAVE_MEMSET 1
#define HAVE_SOCKET 1
#define HAVE_STRTOUL 1
#define HAVE_USLEEP 1
#define HAVE_SRANDOM 1

configure: exit 0
